{"/home/nicomane/Desktop/Programming/React/DIMA-insuline-calculator/src/assets/barcode.png": {"path":"/home/nicomane/Desktop/Programming/React/DIMA-insuline-calculator/src/assets/barcode.png","statementMap":{"0":{"start":{"line":1,"column":0},"end":{"line":4,"column":6}}},"fnMap":{},"branchMap":{},"s":{"0":7},"f":{},"b":{},"inputSourceMap":null,"_coverageSchema":"1a1c01bbd47fc00a2c39e90264f33305004495a9","hash":"02c6082a62bf04f251e21b1d13338970bbb2cb6e"}
,"/home/nicomane/Desktop/Programming/React/DIMA-insuline-calculator/src/assets/basket.png": {"path":"/home/nicomane/Desktop/Programming/React/DIMA-insuline-calculator/src/assets/basket.png","statementMap":{"0":{"start":{"line":1,"column":0},"end":{"line":4,"column":6}}},"fnMap":{},"branchMap":{},"s":{"0":7},"f":{},"b":{},"inputSourceMap":null,"_coverageSchema":"1a1c01bbd47fc00a2c39e90264f33305004495a9","hash":"16194a678799b16dd6dc894485db65ad68669387"}
,"/home/nicomane/Desktop/Programming/React/DIMA-insuline-calculator/src/assets/bin.png": {"path":"/home/nicomane/Desktop/Programming/React/DIMA-insuline-calculator/src/assets/bin.png","statementMap":{"0":{"start":{"line":1,"column":0},"end":{"line":4,"column":6}}},"fnMap":{},"branchMap":{},"s":{"0":7},"f":{},"b":{},"inputSourceMap":null,"_coverageSchema":"1a1c01bbd47fc00a2c39e90264f33305004495a9","hash":"9fcce81d095971e0b6ab9c3654dd56817311c264"}
,"/home/nicomane/Desktop/Programming/React/DIMA-insuline-calculator/src/assets/breakfast.png": {"path":"/home/nicomane/Desktop/Programming/React/DIMA-insuline-calculator/src/assets/breakfast.png","statementMap":{"0":{"start":{"line":1,"column":0},"end":{"line":4,"column":6}}},"fnMap":{},"branchMap":{},"s":{"0":3},"f":{},"b":{},"inputSourceMap":null,"_coverageSchema":"1a1c01bbd47fc00a2c39e90264f33305004495a9","hash":"26fe61a1df79a899c4e3d3ce8d6d80ac49b963f5"}
,"/home/nicomane/Desktop/Programming/React/DIMA-insuline-calculator/src/assets/buttonIcons.js": {"path":"/home/nicomane/Desktop/Programming/React/DIMA-insuline-calculator/src/assets/buttonIcons.js","statementMap":{"0":{"start":{"line":2,"column":27},"end":{"line":38,"column":1}},"1":{"start":{"line":40,"column":32},"end":{"line":70,"column":1}}},"fnMap":{},"branchMap":{},"s":{"0":7,"1":7},"f":{},"b":{},"_coverageSchema":"1a1c01bbd47fc00a2c39e90264f33305004495a9","hash":"132476de6aa3aef7ef450df69869a85bc0030943"}
,"/home/nicomane/Desktop/Programming/React/DIMA-insuline-calculator/src/assets/calendar.png": {"path":"/home/nicomane/Desktop/Programming/React/DIMA-insuline-calculator/src/assets/calendar.png","statementMap":{"0":{"start":{"line":1,"column":0},"end":{"line":4,"column":6}}},"fnMap":{},"branchMap":{},"s":{"0":7},"f":{},"b":{},"inputSourceMap":null,"_coverageSchema":"1a1c01bbd47fc00a2c39e90264f33305004495a9","hash":"a0ab0df349df4dcd8dd16244cac93ade2c3d24ca"}
,"/home/nicomane/Desktop/Programming/React/DIMA-insuline-calculator/src/assets/calories.png": {"path":"/home/nicomane/Desktop/Programming/React/DIMA-insuline-calculator/src/assets/calories.png","statementMap":{"0":{"start":{"line":1,"column":0},"end":{"line":4,"column":6}}},"fnMap":{},"branchMap":{},"s":{"0":3},"f":{},"b":{},"inputSourceMap":null,"_coverageSchema":"1a1c01bbd47fc00a2c39e90264f33305004495a9","hash":"16bc96b8d63d56535f32a48dd46956cb026211fb"}
,"/home/nicomane/Desktop/Programming/React/DIMA-insuline-calculator/src/assets/camera.png": {"path":"/home/nicomane/Desktop/Programming/React/DIMA-insuline-calculator/src/assets/camera.png","statementMap":{"0":{"start":{"line":1,"column":0},"end":{"line":4,"column":6}}},"fnMap":{},"branchMap":{},"s":{"0":7},"f":{},"b":{},"inputSourceMap":null,"_coverageSchema":"1a1c01bbd47fc00a2c39e90264f33305004495a9","hash":"0641e40fadf1286e2f6ad67be353e062a77e34f2"}
,"/home/nicomane/Desktop/Programming/React/DIMA-insuline-calculator/src/assets/carbohydrates.png": {"path":"/home/nicomane/Desktop/Programming/React/DIMA-insuline-calculator/src/assets/carbohydrates.png","statementMap":{"0":{"start":{"line":1,"column":0},"end":{"line":4,"column":6}}},"fnMap":{},"branchMap":{},"s":{"0":3},"f":{},"b":{},"inputSourceMap":null,"_coverageSchema":"1a1c01bbd47fc00a2c39e90264f33305004495a9","hash":"8469545e51d72a8918dc1903fe7da3d4659216be"}
,"/home/nicomane/Desktop/Programming/React/DIMA-insuline-calculator/src/assets/choratio.png": {"path":"/home/nicomane/Desktop/Programming/React/DIMA-insuline-calculator/src/assets/choratio.png","statementMap":{"0":{"start":{"line":1,"column":0},"end":{"line":4,"column":6}}},"fnMap":{},"branchMap":{},"s":{"0":7},"f":{},"b":{},"inputSourceMap":null,"_coverageSchema":"1a1c01bbd47fc00a2c39e90264f33305004495a9","hash":"fd4e5a96f6455fab1825e2ce7b27731fbbd8635b"}
,"/home/nicomane/Desktop/Programming/React/DIMA-insuline-calculator/src/assets/close.png": {"path":"/home/nicomane/Desktop/Programming/React/DIMA-insuline-calculator/src/assets/close.png","statementMap":{"0":{"start":{"line":1,"column":0},"end":{"line":4,"column":6}}},"fnMap":{},"branchMap":{},"s":{"0":7},"f":{},"b":{},"inputSourceMap":null,"_coverageSchema":"1a1c01bbd47fc00a2c39e90264f33305004495a9","hash":"a53431d5fc5961ee6f1f46944316b1f37225c8b5"}
,"/home/nicomane/Desktop/Programming/React/DIMA-insuline-calculator/src/assets/defaultDiet.png": {"path":"/home/nicomane/Desktop/Programming/React/DIMA-insuline-calculator/src/assets/defaultDiet.png","statementMap":{"0":{"start":{"line":1,"column":0},"end":{"line":4,"column":6}}},"fnMap":{},"branchMap":{},"s":{"0":7},"f":{},"b":{},"inputSourceMap":null,"_coverageSchema":"1a1c01bbd47fc00a2c39e90264f33305004495a9","hash":"82192c568b10f820d40a6a2c0c5151e67c81f9a9"}
,"/home/nicomane/Desktop/Programming/React/DIMA-insuline-calculator/src/assets/defaultSport.png": {"path":"/home/nicomane/Desktop/Programming/React/DIMA-insuline-calculator/src/assets/defaultSport.png","statementMap":{"0":{"start":{"line":1,"column":0},"end":{"line":4,"column":6}}},"fnMap":{},"branchMap":{},"s":{"0":7},"f":{},"b":{},"inputSourceMap":null,"_coverageSchema":"1a1c01bbd47fc00a2c39e90264f33305004495a9","hash":"318312d4e437152c62bf33c421dc72ca82f601f1"}
,"/home/nicomane/Desktop/Programming/React/DIMA-insuline-calculator/src/assets/delete.png": {"path":"/home/nicomane/Desktop/Programming/React/DIMA-insuline-calculator/src/assets/delete.png","statementMap":{"0":{"start":{"line":1,"column":0},"end":{"line":4,"column":6}}},"fnMap":{},"branchMap":{},"s":{"0":7},"f":{},"b":{},"inputSourceMap":null,"_coverageSchema":"1a1c01bbd47fc00a2c39e90264f33305004495a9","hash":"e0e376493591bc092a298ebaea4a16ebb3a4aeb7"}
,"/home/nicomane/Desktop/Programming/React/DIMA-insuline-calculator/src/assets/dinner.png": {"path":"/home/nicomane/Desktop/Programming/React/DIMA-insuline-calculator/src/assets/dinner.png","statementMap":{"0":{"start":{"line":1,"column":0},"end":{"line":4,"column":6}}},"fnMap":{},"branchMap":{},"s":{"0":3},"f":{},"b":{},"inputSourceMap":null,"_coverageSchema":"1a1c01bbd47fc00a2c39e90264f33305004495a9","hash":"f4b2e5b724f588c27ca20335ce1e3cdc1adc76e2"}
,"/home/nicomane/Desktop/Programming/React/DIMA-insuline-calculator/src/assets/dose.png": {"path":"/home/nicomane/Desktop/Programming/React/DIMA-insuline-calculator/src/assets/dose.png","statementMap":{"0":{"start":{"line":1,"column":0},"end":{"line":4,"column":6}}},"fnMap":{},"branchMap":{},"s":{"0":7},"f":{},"b":{},"inputSourceMap":null,"_coverageSchema":"1a1c01bbd47fc00a2c39e90264f33305004495a9","hash":"3ded4e786d039f55b1418d48762440c03ec2c8be"}
,"/home/nicomane/Desktop/Programming/React/DIMA-insuline-calculator/src/assets/edit.png": {"path":"/home/nicomane/Desktop/Programming/React/DIMA-insuline-calculator/src/assets/edit.png","statementMap":{"0":{"start":{"line":1,"column":0},"end":{"line":4,"column":6}}},"fnMap":{},"branchMap":{},"s":{"0":7},"f":{},"b":{},"inputSourceMap":null,"_coverageSchema":"1a1c01bbd47fc00a2c39e90264f33305004495a9","hash":"4535b84f5eb90204b67d3fff164277e9cb926737"}
,"/home/nicomane/Desktop/Programming/React/DIMA-insuline-calculator/src/assets/fat.png": {"path":"/home/nicomane/Desktop/Programming/React/DIMA-insuline-calculator/src/assets/fat.png","statementMap":{"0":{"start":{"line":1,"column":0},"end":{"line":4,"column":6}}},"fnMap":{},"branchMap":{},"s":{"0":3},"f":{},"b":{},"inputSourceMap":null,"_coverageSchema":"1a1c01bbd47fc00a2c39e90264f33305004495a9","hash":"7ed08d56677e8f49a5b829091d53bec3444df914"}
,"/home/nicomane/Desktop/Programming/React/DIMA-insuline-calculator/src/assets/female.png": {"path":"/home/nicomane/Desktop/Programming/React/DIMA-insuline-calculator/src/assets/female.png","statementMap":{"0":{"start":{"line":1,"column":0},"end":{"line":4,"column":6}}},"fnMap":{},"branchMap":{},"s":{"0":7},"f":{},"b":{},"inputSourceMap":null,"_coverageSchema":"1a1c01bbd47fc00a2c39e90264f33305004495a9","hash":"cf8d2d8a288ae361cc86041fd5ba00f41e909cbc"}
,"/home/nicomane/Desktop/Programming/React/DIMA-insuline-calculator/src/assets/fitness.png": {"path":"/home/nicomane/Desktop/Programming/React/DIMA-insuline-calculator/src/assets/fitness.png","statementMap":{"0":{"start":{"line":1,"column":0},"end":{"line":4,"column":6}}},"fnMap":{},"branchMap":{},"s":{"0":7},"f":{},"b":{},"inputSourceMap":null,"_coverageSchema":"1a1c01bbd47fc00a2c39e90264f33305004495a9","hash":"b52c1d76895ab6712a9b89089d17d903c89a445e"}
,"/home/nicomane/Desktop/Programming/React/DIMA-insuline-calculator/src/assets/flash.png": {"path":"/home/nicomane/Desktop/Programming/React/DIMA-insuline-calculator/src/assets/flash.png","statementMap":{"0":{"start":{"line":1,"column":0},"end":{"line":4,"column":6}}},"fnMap":{},"branchMap":{},"s":{"0":7},"f":{},"b":{},"inputSourceMap":null,"_coverageSchema":"1a1c01bbd47fc00a2c39e90264f33305004495a9","hash":"7adc62a308bd86a20527e546b15004b4c7cbc87b"}
,"/home/nicomane/Desktop/Programming/React/DIMA-insuline-calculator/src/assets/glucose.png": {"path":"/home/nicomane/Desktop/Programming/React/DIMA-insuline-calculator/src/assets/glucose.png","statementMap":{"0":{"start":{"line":1,"column":0},"end":{"line":4,"column":6}}},"fnMap":{},"branchMap":{},"s":{"0":7},"f":{},"b":{},"inputSourceMap":null,"_coverageSchema":"1a1c01bbd47fc00a2c39e90264f33305004495a9","hash":"1e5a4505f0c6a882a221666c8e8204cf333f5a6b"}
,"/home/nicomane/Desktop/Programming/React/DIMA-insuline-calculator/src/assets/height.png": {"path":"/home/nicomane/Desktop/Programming/React/DIMA-insuline-calculator/src/assets/height.png","statementMap":{"0":{"start":{"line":1,"column":0},"end":{"line":4,"column":6}}},"fnMap":{},"branchMap":{},"s":{"0":7},"f":{},"b":{},"inputSourceMap":null,"_coverageSchema":"1a1c01bbd47fc00a2c39e90264f33305004495a9","hash":"6afae802b2ed5b9d7fb5fae5f82231d52ce70b4f"}
,"/home/nicomane/Desktop/Programming/React/DIMA-insuline-calculator/src/assets/insuline.png": {"path":"/home/nicomane/Desktop/Programming/React/DIMA-insuline-calculator/src/assets/insuline.png","statementMap":{"0":{"start":{"line":1,"column":0},"end":{"line":4,"column":6}}},"fnMap":{},"branchMap":{},"s":{"0":3},"f":{},"b":{},"inputSourceMap":null,"_coverageSchema":"1a1c01bbd47fc00a2c39e90264f33305004495a9","hash":"10a3b288487e984c455c25d03a45ec61aa8191fb"}
,"/home/nicomane/Desktop/Programming/React/DIMA-insuline-calculator/src/assets/isf.png": {"path":"/home/nicomane/Desktop/Programming/React/DIMA-insuline-calculator/src/assets/isf.png","statementMap":{"0":{"start":{"line":1,"column":0},"end":{"line":4,"column":6}}},"fnMap":{},"branchMap":{},"s":{"0":7},"f":{},"b":{},"inputSourceMap":null,"_coverageSchema":"1a1c01bbd47fc00a2c39e90264f33305004495a9","hash":"b8ababd42cb2a4af8140a6b1c33ff6c6391dc053"}
,"/home/nicomane/Desktop/Programming/React/DIMA-insuline-calculator/src/assets/less.png": {"path":"/home/nicomane/Desktop/Programming/React/DIMA-insuline-calculator/src/assets/less.png","statementMap":{"0":{"start":{"line":1,"column":0},"end":{"line":4,"column":6}}},"fnMap":{},"branchMap":{},"s":{"0":7},"f":{},"b":{},"inputSourceMap":null,"_coverageSchema":"1a1c01bbd47fc00a2c39e90264f33305004495a9","hash":"4a97d0eee265ce70e36d2854b9544fc5de9633aa"}
,"/home/nicomane/Desktop/Programming/React/DIMA-insuline-calculator/src/assets/lunch.png": {"path":"/home/nicomane/Desktop/Programming/React/DIMA-insuline-calculator/src/assets/lunch.png","statementMap":{"0":{"start":{"line":1,"column":0},"end":{"line":4,"column":6}}},"fnMap":{},"branchMap":{},"s":{"0":3},"f":{},"b":{},"inputSourceMap":null,"_coverageSchema":"1a1c01bbd47fc00a2c39e90264f33305004495a9","hash":"51c77561d01cd12fe0ea7b49dc91476af94b8240"}
,"/home/nicomane/Desktop/Programming/React/DIMA-insuline-calculator/src/assets/male.png": {"path":"/home/nicomane/Desktop/Programming/React/DIMA-insuline-calculator/src/assets/male.png","statementMap":{"0":{"start":{"line":1,"column":0},"end":{"line":4,"column":6}}},"fnMap":{},"branchMap":{},"s":{"0":7},"f":{},"b":{},"inputSourceMap":null,"_coverageSchema":"1a1c01bbd47fc00a2c39e90264f33305004495a9","hash":"9e3f212c5a16e3b62ee27c899b58bf76c019e41b"}
,"/home/nicomane/Desktop/Programming/React/DIMA-insuline-calculator/src/assets/mealIcons.js": {"path":"/home/nicomane/Desktop/Programming/React/DIMA-insuline-calculator/src/assets/mealIcons.js","statementMap":{"0":{"start":{"line":3,"column":17},"end":{"line":13,"column":1}}},"fnMap":{},"branchMap":{},"s":{"0":3},"f":{},"b":{},"_coverageSchema":"1a1c01bbd47fc00a2c39e90264f33305004495a9","hash":"0e3d78bcc00b1744e5c95e46ef8ffff58c6b5389"}
,"/home/nicomane/Desktop/Programming/React/DIMA-insuline-calculator/src/assets/more.png": {"path":"/home/nicomane/Desktop/Programming/React/DIMA-insuline-calculator/src/assets/more.png","statementMap":{"0":{"start":{"line":1,"column":0},"end":{"line":4,"column":6}}},"fnMap":{},"branchMap":{},"s":{"0":7},"f":{},"b":{},"inputSourceMap":null,"_coverageSchema":"1a1c01bbd47fc00a2c39e90264f33305004495a9","hash":"eb3cd2fea5cbd3f6e7f451421f5bd6f3f2e39fa2"}
,"/home/nicomane/Desktop/Programming/React/DIMA-insuline-calculator/src/assets/nonbinary.png": {"path":"/home/nicomane/Desktop/Programming/React/DIMA-insuline-calculator/src/assets/nonbinary.png","statementMap":{"0":{"start":{"line":1,"column":0},"end":{"line":4,"column":6}}},"fnMap":{},"branchMap":{},"s":{"0":7},"f":{},"b":{},"inputSourceMap":null,"_coverageSchema":"1a1c01bbd47fc00a2c39e90264f33305004495a9","hash":"20be0aa6c0623a5786453f99c6629f3110c3e023"}
,"/home/nicomane/Desktop/Programming/React/DIMA-insuline-calculator/src/assets/ok.png": {"path":"/home/nicomane/Desktop/Programming/React/DIMA-insuline-calculator/src/assets/ok.png","statementMap":{"0":{"start":{"line":1,"column":0},"end":{"line":4,"column":6}}},"fnMap":{},"branchMap":{},"s":{"0":7},"f":{},"b":{},"inputSourceMap":null,"_coverageSchema":"1a1c01bbd47fc00a2c39e90264f33305004495a9","hash":"2a8e5fac8f24ccf65bc8361763aeddd5fb6f2c43"}
,"/home/nicomane/Desktop/Programming/React/DIMA-insuline-calculator/src/assets/plus.png": {"path":"/home/nicomane/Desktop/Programming/React/DIMA-insuline-calculator/src/assets/plus.png","statementMap":{"0":{"start":{"line":1,"column":0},"end":{"line":4,"column":6}}},"fnMap":{},"branchMap":{},"s":{"0":7},"f":{},"b":{},"inputSourceMap":null,"_coverageSchema":"1a1c01bbd47fc00a2c39e90264f33305004495a9","hash":"30345e26f515d93b61236dbcacb9abdcc7750e39"}
,"/home/nicomane/Desktop/Programming/React/DIMA-insuline-calculator/src/assets/protein.png": {"path":"/home/nicomane/Desktop/Programming/React/DIMA-insuline-calculator/src/assets/protein.png","statementMap":{"0":{"start":{"line":1,"column":0},"end":{"line":4,"column":6}}},"fnMap":{},"branchMap":{},"s":{"0":3},"f":{},"b":{},"inputSourceMap":null,"_coverageSchema":"1a1c01bbd47fc00a2c39e90264f33305004495a9","hash":"9483e5bf6867acac836a508391859942e3d8379d"}
,"/home/nicomane/Desktop/Programming/React/DIMA-insuline-calculator/src/assets/return.png": {"path":"/home/nicomane/Desktop/Programming/React/DIMA-insuline-calculator/src/assets/return.png","statementMap":{"0":{"start":{"line":1,"column":0},"end":{"line":4,"column":6}}},"fnMap":{},"branchMap":{},"s":{"0":7},"f":{},"b":{},"inputSourceMap":null,"_coverageSchema":"1a1c01bbd47fc00a2c39e90264f33305004495a9","hash":"ef4fb93ccd807b5c0b57e4c4b93fa63b977778f1"}
,"/home/nicomane/Desktop/Programming/React/DIMA-insuline-calculator/src/assets/running.png": {"path":"/home/nicomane/Desktop/Programming/React/DIMA-insuline-calculator/src/assets/running.png","statementMap":{"0":{"start":{"line":1,"column":0},"end":{"line":4,"column":6}}},"fnMap":{},"branchMap":{},"s":{"0":7},"f":{},"b":{},"inputSourceMap":null,"_coverageSchema":"1a1c01bbd47fc00a2c39e90264f33305004495a9","hash":"cc85a1abf16f5ea665fa5a2adefefdcbe1f9f2c1"}
,"/home/nicomane/Desktop/Programming/React/DIMA-insuline-calculator/src/assets/search.png": {"path":"/home/nicomane/Desktop/Programming/React/DIMA-insuline-calculator/src/assets/search.png","statementMap":{"0":{"start":{"line":1,"column":0},"end":{"line":4,"column":6}}},"fnMap":{},"branchMap":{},"s":{"0":7},"f":{},"b":{},"inputSourceMap":null,"_coverageSchema":"1a1c01bbd47fc00a2c39e90264f33305004495a9","hash":"51c7de30ca98aace7e02860a8c9bb49555dee3ab"}
,"/home/nicomane/Desktop/Programming/React/DIMA-insuline-calculator/src/assets/settings.png": {"path":"/home/nicomane/Desktop/Programming/React/DIMA-insuline-calculator/src/assets/settings.png","statementMap":{"0":{"start":{"line":1,"column":0},"end":{"line":4,"column":6}}},"fnMap":{},"branchMap":{},"s":{"0":7},"f":{},"b":{},"inputSourceMap":null,"_coverageSchema":"1a1c01bbd47fc00a2c39e90264f33305004495a9","hash":"9cb9aed8bfb7ba58cf3bcda938b57b75828fa4a8"}
,"/home/nicomane/Desktop/Programming/React/DIMA-insuline-calculator/src/assets/snack.png": {"path":"/home/nicomane/Desktop/Programming/React/DIMA-insuline-calculator/src/assets/snack.png","statementMap":{"0":{"start":{"line":1,"column":0},"end":{"line":4,"column":6}}},"fnMap":{},"branchMap":{},"s":{"0":3},"f":{},"b":{},"inputSourceMap":null,"_coverageSchema":"1a1c01bbd47fc00a2c39e90264f33305004495a9","hash":"68749b354a8b9331f19fad5b310185d16eb31da7"}
,"/home/nicomane/Desktop/Programming/React/DIMA-insuline-calculator/src/assets/soccer.png": {"path":"/home/nicomane/Desktop/Programming/React/DIMA-insuline-calculator/src/assets/soccer.png","statementMap":{"0":{"start":{"line":1,"column":0},"end":{"line":4,"column":6}}},"fnMap":{},"branchMap":{},"s":{"0":7},"f":{},"b":{},"inputSourceMap":null,"_coverageSchema":"1a1c01bbd47fc00a2c39e90264f33305004495a9","hash":"1faa247917638a8e3df53e78c093ec2c16b106c3"}
,"/home/nicomane/Desktop/Programming/React/DIMA-insuline-calculator/src/assets/statistics.png": {"path":"/home/nicomane/Desktop/Programming/React/DIMA-insuline-calculator/src/assets/statistics.png","statementMap":{"0":{"start":{"line":1,"column":0},"end":{"line":4,"column":6}}},"fnMap":{},"branchMap":{},"s":{"0":7},"f":{},"b":{},"inputSourceMap":null,"_coverageSchema":"1a1c01bbd47fc00a2c39e90264f33305004495a9","hash":"f454fdd6c61a7b15db94e58e5b6dbb1cf743151d"}
,"/home/nicomane/Desktop/Programming/React/DIMA-insuline-calculator/src/assets/swimming.png": {"path":"/home/nicomane/Desktop/Programming/React/DIMA-insuline-calculator/src/assets/swimming.png","statementMap":{"0":{"start":{"line":1,"column":0},"end":{"line":4,"column":6}}},"fnMap":{},"branchMap":{},"s":{"0":7},"f":{},"b":{},"inputSourceMap":null,"_coverageSchema":"1a1c01bbd47fc00a2c39e90264f33305004495a9","hash":"95e12eafd00557a5e6b90a5c6c13107962781f08"}
,"/home/nicomane/Desktop/Programming/React/DIMA-insuline-calculator/src/assets/tennis.png": {"path":"/home/nicomane/Desktop/Programming/React/DIMA-insuline-calculator/src/assets/tennis.png","statementMap":{"0":{"start":{"line":1,"column":0},"end":{"line":4,"column":6}}},"fnMap":{},"branchMap":{},"s":{"0":7},"f":{},"b":{},"inputSourceMap":null,"_coverageSchema":"1a1c01bbd47fc00a2c39e90264f33305004495a9","hash":"a11b02b914b13692899b9a7a3c12d6a059a87227"}
,"/home/nicomane/Desktop/Programming/React/DIMA-insuline-calculator/src/assets/weight.png": {"path":"/home/nicomane/Desktop/Programming/React/DIMA-insuline-calculator/src/assets/weight.png","statementMap":{"0":{"start":{"line":1,"column":0},"end":{"line":4,"column":6}}},"fnMap":{},"branchMap":{},"s":{"0":7},"f":{},"b":{},"inputSourceMap":null,"_coverageSchema":"1a1c01bbd47fc00a2c39e90264f33305004495a9","hash":"7e8a38825f384ec58443c080b60c1e4e5cc93390"}
,"/home/nicomane/Desktop/Programming/React/DIMA-insuline-calculator/src/constants/appAspect.js": {"path":"/home/nicomane/Desktop/Programming/React/DIMA-insuline-calculator/src/constants/appAspect.js","statementMap":{"0":{"start":{"line":5,"column":25},"end":{"line":12,"column":1}},"1":{"start":{"line":14,"column":22},"end":{"line":14,"column":31}},"2":{"start":{"line":17,"column":18},"end":{"line":17,"column":42}},"3":{"start":{"line":19,"column":19},"end":{"line":22,"column":1}}},"fnMap":{},"branchMap":{},"s":{"0":7,"1":7,"2":7,"3":7},"f":{},"b":{},"_coverageSchema":"1a1c01bbd47fc00a2c39e90264f33305004495a9","hash":"d69956a541b05488b5c546ed3ab34125f693c197"}
,"/home/nicomane/Desktop/Programming/React/DIMA-insuline-calculator/src/constants/localStorageKeys.js": {"path":"/home/nicomane/Desktop/Programming/React/DIMA-insuline-calculator/src/constants/localStorageKeys.js","statementMap":{"0":{"start":{"line":2,"column":26},"end":{"line":7,"column":1}}},"fnMap":{},"branchMap":{},"s":{"0":7},"f":{},"b":{},"_coverageSchema":"1a1c01bbd47fc00a2c39e90264f33305004495a9","hash":"59392a6388a1196e52aa95c6840dfa8c0acccaa7"}
,"/home/nicomane/Desktop/Programming/React/DIMA-insuline-calculator/src/constants/reducers.js": {"path":"/home/nicomane/Desktop/Programming/React/DIMA-insuline-calculator/src/constants/reducers.js","statementMap":{"0":{"start":{"line":1,"column":27},"end":{"line":11,"column":1}},"1":{"start":{"line":13,"column":27},"end":{"line":21,"column":1}}},"fnMap":{},"branchMap":{},"s":{"0":9,"1":9},"f":{},"b":{},"_coverageSchema":"1a1c01bbd47fc00a2c39e90264f33305004495a9","hash":"5d0d7c9e5f0c12f1217fddec0873b5192441c231"}
,"/home/nicomane/Desktop/Programming/React/DIMA-insuline-calculator/src/constants/registrationSteps.js": {"path":"/home/nicomane/Desktop/Programming/React/DIMA-insuline-calculator/src/constants/registrationSteps.js","statementMap":{"0":{"start":{"line":1,"column":21},"end":{"line":7,"column":1}},"1":{"start":{"line":9,"column":34},"end":{"line":25,"column":1}},"2":{"start":{"line":27,"column":29},"end":{"line":32,"column":1}}},"fnMap":{},"branchMap":{},"s":{"0":6,"1":6,"2":6},"f":{},"b":{},"_coverageSchema":"1a1c01bbd47fc00a2c39e90264f33305004495a9","hash":"2eda3a6746bce57018676ddf819eac4eef89d378"}
,"/home/nicomane/Desktop/Programming/React/DIMA-insuline-calculator/src/constants/states.js": {"path":"/home/nicomane/Desktop/Programming/React/DIMA-insuline-calculator/src/constants/states.js","statementMap":{"0":{"start":{"line":1,"column":30},"end":{"line":6,"column":1}},"1":{"start":{"line":8,"column":27},"end":{"line":12,"column":1}},"2":{"start":{"line":14,"column":29},"end":{"line":29,"column":1}}},"fnMap":{},"branchMap":{},"s":{"0":9,"1":9,"2":9},"f":{},"b":{},"_coverageSchema":"1a1c01bbd47fc00a2c39e90264f33305004495a9","hash":"608c58beb22eb83a8c5be1665e48c154d1326ddf"}
,"/home/nicomane/Desktop/Programming/React/DIMA-insuline-calculator/src/customComponents/PopUp.js": {"path":"/home/nicomane/Desktop/Programming/React/DIMA-insuline-calculator/src/customComponents/PopUp.js","statementMap":{"0":{"start":{"line":12,"column":20},"end":{"line":12,"column":50}},"1":{"start":{"line":15,"column":21},"end":{"line":198,"column":1}},"2":{"start":{"line":28,"column":19},"end":{"line":28,"column":34}},"3":{"start":{"line":29,"column":19},"end":{"line":29,"column":32}},"4":{"start":{"line":30,"column":42},"end":{"line":30,"column":57}},"5":{"start":{"line":31,"column":32},"end":{"line":31,"column":43}},"6":{"start":{"line":32,"column":48},"end":{"line":32,"column":70}},"7":{"start":{"line":33,"column":13},"end":{"line":33,"column":83}},"8":{"start":{"line":34,"column":36},"end":{"line":34,"column":47}},"9":{"start":{"line":39,"column":2},"end":{"line":42,"column":3}},"10":{"start":{"line":40,"column":15},"end":{"line":40,"column":85}},"11":{"start":{"line":44,"column":23},"end":{"line":53,"column":3}},"12":{"start":{"line":45,"column":34},"end":{"line":45,"column":40}},"13":{"start":{"line":52,"column":4},"end":{"line":52,"column":25}},"14":{"start":{"line":56,"column":24},"end":{"line":73,"column":3}},"15":{"start":{"line":58,"column":4},"end":{"line":58,"column":48}},"16":{"start":{"line":59,"column":4},"end":{"line":72,"column":6}},"17":{"start":{"line":60,"column":18},"end":{"line":60,"column":31}},"18":{"start":{"line":62,"column":6},"end":{"line":62,"column":49}},"19":{"start":{"line":63,"column":6},"end":{"line":63,"column":106}},"20":{"start":{"line":64,"column":6},"end":{"line":64,"column":23}},"21":{"start":{"line":66,"column":9},"end":{"line":72,"column":6}},"22":{"start":{"line":70,"column":37},"end":{"line":70,"column":62}},"23":{"start":{"line":75,"column":20},"end":{"line":132,"column":3}},"24":{"start":{"line":76,"column":4},"end":{"line":131,"column":12}},"25":{"start":{"line":78,"column":60},"end":{"line":78,"column":100}},"26":{"start":{"line":84,"column":30},"end":{"line":84,"column":93}},"27":{"start":{"line":92,"column":57},"end":{"line":92,"column":90}},"28":{"start":{"line":102,"column":34},"end":{"line":102,"column":49}},"29":{"start":{"line":109,"column":60},"end":{"line":109,"column":100}},"30":{"start":{"line":115,"column":37},"end":{"line":115,"column":68}},"31":{"start":{"line":126,"column":34},"end":{"line":126,"column":49}},"32":{"start":{"line":133,"column":21},"end":{"line":140,"column":3}},"33":{"start":{"line":134,"column":4},"end":{"line":139,"column":14}},"34":{"start":{"line":143,"column":21},"end":{"line":171,"column":3}},"35":{"start":{"line":146,"column":4},"end":{"line":170,"column":13}},"36":{"start":{"line":149,"column":60},"end":{"line":149,"column":100}},"37":{"start":{"line":155,"column":37},"end":{"line":155,"column":68}},"38":{"start":{"line":167,"column":32},"end":{"line":167,"column":77}},"39":{"start":{"line":173,"column":2},"end":{"line":197,"column":4}},"40":{"start":{"line":181,"column":10},"end":{"line":181,"column":41}},"41":{"start":{"line":190,"column":24},"end":{"line":190,"column":78}},"42":{"start":{"line":200,"column":15},"end":{"line":263,"column":2}},"43":{"start":{"line":265,"column":24},"end":{"line":267,"column":3}},"44":{"start":{"line":266,"column":4},"end":{"line":266,"column":64}}},"fnMap":{"0":{"name":"(anonymous_0)","decl":{"start":{"line":15,"column":21},"end":{"line":15,"column":22}},"loc":{"start":{"line":27,"column":9},"end":{"line":198,"column":1}},"line":27},"1":{"name":"(anonymous_1)","decl":{"start":{"line":44,"column":23},"end":{"line":44,"column":24}},"loc":{"start":{"line":44,"column":34},"end":{"line":53,"column":3}},"line":44},"2":{"name":"(anonymous_2)","decl":{"start":{"line":56,"column":24},"end":{"line":56,"column":25}},"loc":{"start":{"line":57,"column":2},"end":{"line":73,"column":3}},"line":57},"3":{"name":"(anonymous_3)","decl":{"start":{"line":70,"column":31},"end":{"line":70,"column":32}},"loc":{"start":{"line":70,"column":37},"end":{"line":70,"column":62}},"line":70},"4":{"name":"(anonymous_4)","decl":{"start":{"line":75,"column":20},"end":{"line":75,"column":21}},"loc":{"start":{"line":75,"column":25},"end":{"line":132,"column":3}},"line":75},"5":{"name":"(anonymous_5)","decl":{"start":{"line":78,"column":47},"end":{"line":78,"column":48}},"loc":{"start":{"line":78,"column":58},"end":{"line":78,"column":102}},"line":78},"6":{"name":"(anonymous_6)","decl":{"start":{"line":84,"column":23},"end":{"line":84,"column":24}},"loc":{"start":{"line":84,"column":29},"end":{"line":84,"column":94}},"line":84},"7":{"name":"(anonymous_7)","decl":{"start":{"line":92,"column":50},"end":{"line":92,"column":51}},"loc":{"start":{"line":92,"column":56},"end":{"line":92,"column":91}},"line":92},"8":{"name":"(anonymous_8)","decl":{"start":{"line":102,"column":27},"end":{"line":102,"column":28}},"loc":{"start":{"line":102,"column":33},"end":{"line":102,"column":50}},"line":102},"9":{"name":"(anonymous_9)","decl":{"start":{"line":109,"column":47},"end":{"line":109,"column":48}},"loc":{"start":{"line":109,"column":58},"end":{"line":109,"column":102}},"line":109},"10":{"name":"(anonymous_10)","decl":{"start":{"line":115,"column":25},"end":{"line":115,"column":26}},"loc":{"start":{"line":115,"column":31},"end":{"line":116,"column":17}},"line":115},"11":{"name":"(anonymous_11)","decl":{"start":{"line":126,"column":27},"end":{"line":126,"column":28}},"loc":{"start":{"line":126,"column":33},"end":{"line":126,"column":50}},"line":126},"12":{"name":"(anonymous_12)","decl":{"start":{"line":133,"column":21},"end":{"line":133,"column":22}},"loc":{"start":{"line":133,"column":27},"end":{"line":140,"column":3}},"line":133},"13":{"name":"(anonymous_13)","decl":{"start":{"line":143,"column":21},"end":{"line":143,"column":22}},"loc":{"start":{"line":143,"column":27},"end":{"line":171,"column":3}},"line":143},"14":{"name":"(anonymous_14)","decl":{"start":{"line":149,"column":47},"end":{"line":149,"column":48}},"loc":{"start":{"line":149,"column":58},"end":{"line":149,"column":102}},"line":149},"15":{"name":"(anonymous_15)","decl":{"start":{"line":155,"column":25},"end":{"line":155,"column":26}},"loc":{"start":{"line":155,"column":31},"end":{"line":156,"column":17}},"line":155},"16":{"name":"(anonymous_16)","decl":{"start":{"line":167,"column":25},"end":{"line":167,"column":26}},"loc":{"start":{"line":167,"column":31},"end":{"line":167,"column":78}},"line":167},"17":{"name":"(anonymous_17)","decl":{"start":{"line":180,"column":24},"end":{"line":180,"column":25}},"loc":{"start":{"line":180,"column":30},"end":{"line":182,"column":9}},"line":180},"18":{"name":"(anonymous_18)","decl":{"start":{"line":190,"column":17},"end":{"line":190,"column":18}},"loc":{"start":{"line":190,"column":23},"end":{"line":190,"column":79}},"line":190},"19":{"name":"(anonymous_19)","decl":{"start":{"line":265,"column":24},"end":{"line":265,"column":25}},"loc":{"start":{"line":265,"column":50},"end":{"line":267,"column":3}},"line":265}},"branchMap":{"0":{"loc":{"start":{"line":17,"column":8},"end":{"line":17,"column":27}},"type":"default-arg","locations":[{"start":{"line":17,"column":21},"end":{"line":17,"column":27}}],"line":17},"1":{"loc":{"start":{"line":18,"column":8},"end":{"line":18,"column":29}},"type":"default-arg","locations":[{"start":{"line":18,"column":22},"end":{"line":18,"column":29}}],"line":18},"2":{"loc":{"start":{"line":22,"column":8},"end":{"line":22,"column":40}},"type":"default-arg","locations":[{"start":{"line":22,"column":20},"end":{"line":22,"column":40}}],"line":22},"3":{"loc":{"start":{"line":23,"column":8},"end":{"line":23,"column":26}},"type":"default-arg","locations":[{"start":{"line":23,"column":20},"end":{"line":23,"column":26}}],"line":23},"4":{"loc":{"start":{"line":24,"column":8},"end":{"line":24,"column":28}},"type":"default-arg","locations":[{"start":{"line":24,"column":24},"end":{"line":24,"column":28}}],"line":24},"5":{"loc":{"start":{"line":25,"column":8},"end":{"line":25,"column":25}},"type":"default-arg","locations":[{"start":{"line":25,"column":21},"end":{"line":25,"column":25}}],"line":25},"6":{"loc":{"start":{"line":39,"column":2},"end":{"line":42,"column":3}},"type":"if","locations":[{"start":{"line":39,"column":2},"end":{"line":42,"column":3}},{"start":{},"end":{}}],"line":39},"7":{"loc":{"start":{"line":59,"column":4},"end":{"line":72,"column":6}},"type":"if","locations":[{"start":{"line":59,"column":4},"end":{"line":72,"column":6}},{"start":{"line":66,"column":9},"end":{"line":72,"column":6}}],"line":59},"8":{"loc":{"start":{"line":59,"column":8},"end":{"line":59,"column":34}},"type":"binary-expr","locations":[{"start":{"line":59,"column":8},"end":{"line":59,"column":18}},{"start":{"line":59,"column":22},"end":{"line":59,"column":34}}],"line":59},"9":{"loc":{"start":{"line":63,"column":6},"end":{"line":63,"column":106}},"type":"cond-expr","locations":[{"start":{"line":63,"column":25},"end":{"line":63,"column":58}},{"start":{"line":63,"column":59},"end":{"line":63,"column":106}}],"line":63},"10":{"loc":{"start":{"line":76,"column":12},"end":{"line":129,"column":17}},"type":"cond-expr","locations":[{"start":{"line":77,"column":4},"end":{"line":106,"column":11}},{"start":{"line":108,"column":4},"end":{"line":129,"column":17}}],"line":76},"11":{"loc":{"start":{"line":160,"column":39},"end":{"line":160,"column":176}},"type":"cond-expr","locations":[{"start":{"line":160,"column":58},"end":{"line":160,"column":171}},{"start":{"line":160,"column":172},"end":{"line":160,"column":176}}],"line":160},"12":{"loc":{"start":{"line":162,"column":9},"end":{"line":162,"column":64}},"type":"cond-expr","locations":[{"start":{"line":162,"column":47},"end":{"line":162,"column":59}},{"start":{"line":162,"column":60},"end":{"line":162,"column":64}}],"line":162},"13":{"loc":{"start":{"line":185,"column":8},"end":{"line":186,"column":60}},"type":"cond-expr","locations":[{"start":{"line":185,"column":43},"end":{"line":185,"column":54}},{"start":{"line":186,"column":8},"end":{"line":186,"column":60}}],"line":185},"14":{"loc":{"start":{"line":186,"column":8},"end":{"line":186,"column":60}},"type":"cond-expr","locations":[{"start":{"line":186,"column":43},"end":{"line":186,"column":55}},{"start":{"line":186,"column":56},"end":{"line":186,"column":60}}],"line":186},"15":{"loc":{"start":{"line":265,"column":32},"end":{"line":265,"column":45}},"type":"default-arg","locations":[{"start":{"line":265,"column":43},"end":{"line":265,"column":45}}],"line":265}},"s":{"0":2,"1":2,"2":3,"3":3,"4":3,"5":3,"6":3,"7":3,"8":3,"9":3,"10":1,"11":3,"12":0,"13":0,"14":3,"15":0,"16":0,"17":0,"18":0,"19":0,"20":0,"21":0,"22":0,"23":3,"24":3,"25":0,"26":0,"27":0,"28":0,"29":0,"30":0,"31":0,"32":3,"33":0,"34":3,"35":0,"36":0,"37":0,"38":0,"39":3,"40":0,"41":1,"42":2,"43":2,"44":2},"f":{"0":3,"1":0,"2":0,"3":0,"4":3,"5":0,"6":0,"7":0,"8":0,"9":0,"10":0,"11":0,"12":0,"13":0,"14":0,"15":0,"16":0,"17":0,"18":1,"19":2},"b":{"0":[0],"1":[0],"2":[1],"3":[1],"4":[1],"5":[0],"6":[1,2],"7":[0,0],"8":[0,0],"9":[0,0],"10":[1,2],"11":[0,0],"12":[0,0],"13":[3,0],"14":[0,0],"15":[2]},"_coverageSchema":"1a1c01bbd47fc00a2c39e90264f33305004495a9","hash":"55427f0977a1b68cd750de074963b502a60056eb"}
,"/home/nicomane/Desktop/Programming/React/DIMA-insuline-calculator/src/customComponents/activityChart.js": {"path":"/home/nicomane/Desktop/Programming/React/DIMA-insuline-calculator/src/customComponents/activityChart.js","statementMap":{"0":{"start":{"line":9,"column":19},"end":{"line":9,"column":21}},"1":{"start":{"line":11,"column":20},"end":{"line":11,"column":65}},"2":{"start":{"line":14,"column":20},"end":{"line":33,"column":1}},"3":{"start":{"line":20,"column":28},"end":{"line":20,"column":61}},"4":{"start":{"line":21,"column":33},"end":{"line":21,"column":66}},"5":{"start":{"line":35,"column":29},"end":{"line":68,"column":1}},"6":{"start":{"line":43,"column":24},"end":{"line":55,"column":7}},"7":{"start":{"line":57,"column":4},"end":{"line":67,"column":6}},"8":{"start":{"line":70,"column":13},"end":{"line":78,"column":2}}},"fnMap":{"0":{"name":"(anonymous_0)","decl":{"start":{"line":20,"column":11},"end":{"line":20,"column":12}},"loc":{"start":{"line":20,"column":28},"end":{"line":20,"column":61}},"line":20},"1":{"name":"(anonymous_1)","decl":{"start":{"line":21,"column":16},"end":{"line":21,"column":17}},"loc":{"start":{"line":21,"column":33},"end":{"line":21,"column":66}},"line":21},"2":{"name":"(anonymous_2)","decl":{"start":{"line":35,"column":29},"end":{"line":35,"column":30}},"loc":{"start":{"line":38,"column":15},"end":{"line":68,"column":1}},"line":38}},"branchMap":{"0":{"loc":{"start":{"line":20,"column":12},"end":{"line":20,"column":23}},"type":"default-arg","locations":[{"start":{"line":20,"column":22},"end":{"line":20,"column":23}}],"line":20},"1":{"loc":{"start":{"line":21,"column":17},"end":{"line":21,"column":28}},"type":"default-arg","locations":[{"start":{"line":21,"column":27},"end":{"line":21,"column":28}}],"line":21}},"s":{"0":1,"1":1,"2":1,"3":0,"4":0,"5":1,"6":0,"7":0,"8":1},"f":{"0":0,"1":0,"2":0},"b":{"0":[0],"1":[0]},"_coverageSchema":"1a1c01bbd47fc00a2c39e90264f33305004495a9","hash":"890d5267b6bd3ec14d2defd2215182f2530619ee"}
,"/home/nicomane/Desktop/Programming/React/DIMA-insuline-calculator/src/customComponents/calendarPicker.js": {"path":"/home/nicomane/Desktop/Programming/React/DIMA-insuline-calculator/src/customComponents/calendarPicker.js","statementMap":{"0":{"start":{"line":9,"column":24},"end":{"line":62,"column":1}},"1":{"start":{"line":11,"column":34},"end":{"line":11,"column":88}},"2":{"start":{"line":12,"column":37},"end":{"line":12,"column":52}},"3":{"start":{"line":14,"column":4},"end":{"line":16,"column":15}},"4":{"start":{"line":15,"column":8},"end":{"line":15,"column":27}},"5":{"start":{"line":18,"column":27},"end":{"line":21,"column":5}},"6":{"start":{"line":19,"column":8},"end":{"line":19,"column":77}},"7":{"start":{"line":20,"column":8},"end":{"line":20,"column":43}},"8":{"start":{"line":20,"column":32},"end":{"line":20,"column":41}},"9":{"start":{"line":23,"column":21},"end":{"line":31,"column":5}},"10":{"start":{"line":24,"column":8},"end":{"line":30,"column":10}},"11":{"start":{"line":33,"column":24},"end":{"line":38,"column":5}},"12":{"start":{"line":34,"column":8},"end":{"line":37,"column":10}},"13":{"start":{"line":40,"column":25},"end":{"line":49,"column":5}},"14":{"start":{"line":42,"column":26},"end":{"line":42,"column":40}},"15":{"start":{"line":44,"column":28},"end":{"line":44,"column":71}},"16":{"start":{"line":45,"column":28},"end":{"line":45,"column":73}},"17":{"start":{"line":47,"column":8},"end":{"line":47,"column":33}},"18":{"start":{"line":48,"column":8},"end":{"line":48,"column":31}},"19":{"start":{"line":51,"column":4},"end":{"line":61,"column":6}},"20":{"start":{"line":64,"column":16},"end":{"line":72,"column":2}}},"fnMap":{"0":{"name":"(anonymous_0)","decl":{"start":{"line":9,"column":24},"end":{"line":9,"column":25}},"loc":{"start":{"line":9,"column":66},"end":{"line":62,"column":1}},"line":9},"1":{"name":"(anonymous_1)","decl":{"start":{"line":9,"column":37},"end":{"line":9,"column":38}},"loc":{"start":{"line":9,"column":45},"end":{"line":9,"column":47}},"line":9},"2":{"name":"(anonymous_2)","decl":{"start":{"line":14,"column":14},"end":{"line":14,"column":15}},"loc":{"start":{"line":14,"column":18},"end":{"line":16,"column":5}},"line":14},"3":{"name":"(anonymous_3)","decl":{"start":{"line":18,"column":27},"end":{"line":18,"column":28}},"loc":{"start":{"line":18,"column":32},"end":{"line":21,"column":5}},"line":18},"4":{"name":"(anonymous_4)","decl":{"start":{"line":20,"column":20},"end":{"line":20,"column":21}},"loc":{"start":{"line":20,"column":32},"end":{"line":20,"column":41}},"line":20},"5":{"name":"(anonymous_5)","decl":{"start":{"line":23,"column":21},"end":{"line":23,"column":22}},"loc":{"start":{"line":23,"column":26},"end":{"line":31,"column":5}},"line":23},"6":{"name":"(anonymous_6)","decl":{"start":{"line":33,"column":24},"end":{"line":33,"column":25}},"loc":{"start":{"line":33,"column":29},"end":{"line":38,"column":5}},"line":33},"7":{"name":"(anonymous_7)","decl":{"start":{"line":40,"column":25},"end":{"line":40,"column":26}},"loc":{"start":{"line":40,"column":34},"end":{"line":49,"column":5}},"line":40}},"branchMap":{"0":{"loc":{"start":{"line":9,"column":26},"end":{"line":9,"column":47}},"type":"default-arg","locations":[{"start":{"line":9,"column":37},"end":{"line":9,"column":47}}],"line":9},"1":{"loc":{"start":{"line":9,"column":48},"end":{"line":9,"column":60}},"type":"default-arg","locations":[{"start":{"line":9,"column":55},"end":{"line":9,"column":60}}],"line":9},"2":{"loc":{"start":{"line":58,"column":17},"end":{"line":58,"column":54}},"type":"cond-expr","locations":[{"start":{"line":58,"column":30},"end":{"line":58,"column":40}},{"start":{"line":58,"column":41},"end":{"line":58,"column":54}}],"line":58}},"s":{"0":2,"1":3,"2":3,"3":3,"4":2,"5":3,"6":0,"7":0,"8":0,"9":3,"10":1,"11":3,"12":2,"13":3,"14":0,"15":0,"16":0,"17":0,"18":0,"19":3,"20":2},"f":{"0":3,"1":0,"2":2,"3":0,"4":0,"5":1,"6":2,"7":0},"b":{"0":[2],"1":[0],"2":[1,2]},"_coverageSchema":"1a1c01bbd47fc00a2c39e90264f33305004495a9","hash":"f6ec86e9524b86bffcee446fe11b2253cf9e9eff"}
,"/home/nicomane/Desktop/Programming/React/DIMA-insuline-calculator/src/customComponents/customButton.js": {"path":"/home/nicomane/Desktop/Programming/React/DIMA-insuline-calculator/src/customComponents/customButton.js","statementMap":{"0":{"start":{"line":8,"column":28},"end":{"line":27,"column":1}},"1":{"start":{"line":16,"column":8},"end":{"line":26,"column":10}},"2":{"start":{"line":29,"column":16},"end":{"line":49,"column":2}}},"fnMap":{"0":{"name":"(anonymous_0)","decl":{"start":{"line":8,"column":28},"end":{"line":8,"column":29}},"loc":{"start":{"line":14,"column":9},"end":{"line":27,"column":1}},"line":14}},"branchMap":{"0":{"loc":{"start":{"line":10,"column":8},"end":{"line":10,"column":22}},"type":"default-arg","locations":[{"start":{"line":10,"column":14},"end":{"line":10,"column":22}}],"line":10},"1":{"loc":{"start":{"line":12,"column":8},"end":{"line":12,"column":28}},"type":"default-arg","locations":[{"start":{"line":12,"column":24},"end":{"line":12,"column":28}}],"line":12},"2":{"loc":{"start":{"line":13,"column":8},"end":{"line":13,"column":24}},"type":"default-arg","locations":[{"start":{"line":13,"column":19},"end":{"line":13,"column":24}}],"line":13},"3":{"loc":{"start":{"line":19,"column":32},"end":{"line":19,"column":79}},"type":"cond-expr","locations":[{"start":{"line":19,"column":48},"end":{"line":19,"column":73}},{"start":{"line":19,"column":75},"end":{"line":19,"column":79}}],"line":19},"4":{"loc":{"start":{"line":20,"column":32},"end":{"line":20,"column":67}},"type":"cond-expr","locations":[{"start":{"line":20,"column":41},"end":{"line":20,"column":62}},{"start":{"line":20,"column":63},"end":{"line":20,"column":67}}],"line":20},"5":{"loc":{"start":{"line":22,"column":38},"end":{"line":22,"column":73}},"type":"cond-expr","locations":[{"start":{"line":22,"column":47},"end":{"line":22,"column":68}},{"start":{"line":22,"column":69},"end":{"line":22,"column":73}}],"line":22}},"s":{"0":5,"1":12,"2":5},"f":{"0":12},"b":{"0":[0],"1":[10],"2":[7],"3":[10,2],"4":[2,10],"5":[2,10]},"_coverageSchema":"1a1c01bbd47fc00a2c39e90264f33305004495a9","hash":"7354a9532769dbdd7107c4192c3fd7a42952a589"}
,"/home/nicomane/Desktop/Programming/React/DIMA-insuline-calculator/src/customComponents/customImageButton.js": {"path":"/home/nicomane/Desktop/Programming/React/DIMA-insuline-calculator/src/customComponents/customImageButton.js","statementMap":{"0":{"start":{"line":9,"column":33},"end":{"line":26,"column":1}},"1":{"start":{"line":18,"column":8},"end":{"line":25,"column":10}},"2":{"start":{"line":28,"column":16},"end":{"line":50,"column":2}}},"fnMap":{"0":{"name":"(anonymous_0)","decl":{"start":{"line":9,"column":33},"end":{"line":9,"column":34}},"loc":{"start":{"line":16,"column":9},"end":{"line":26,"column":1}},"line":16}},"branchMap":{"0":{"loc":{"start":{"line":11,"column":8},"end":{"line":11,"column":22}},"type":"default-arg","locations":[{"start":{"line":11,"column":14},"end":{"line":11,"column":22}}],"line":11},"1":{"loc":{"start":{"line":12,"column":8},"end":{"line":12,"column":16}},"type":"default-arg","locations":[{"start":{"line":12,"column":14},"end":{"line":12,"column":16}}],"line":12},"2":{"loc":{"start":{"line":15,"column":8},"end":{"line":15,"column":22}},"type":"default-arg","locations":[{"start":{"line":15,"column":17},"end":{"line":15,"column":22}}],"line":15},"3":{"loc":{"start":{"line":20,"column":34},"end":{"line":20,"column":230}},"type":"cond-expr","locations":[{"start":{"line":20,"column":51},"end":{"line":20,"column":81}},{"start":{"line":20,"column":83},"end":{"line":20,"column":230}}],"line":20},"4":{"loc":{"start":{"line":20,"column":83},"end":{"line":20,"column":230}},"type":"cond-expr","locations":[{"start":{"line":20,"column":193},"end":{"line":20,"column":224}},{"start":{"line":20,"column":226},"end":{"line":20,"column":230}}],"line":20},"5":{"loc":{"start":{"line":20,"column":84},"end":{"line":20,"column":190}},"type":"binary-expr","locations":[{"start":{"line":20,"column":84},"end":{"line":20,"column":101}},{"start":{"line":20,"column":105},"end":{"line":20,"column":125}},{"start":{"line":20,"column":128},"end":{"line":20,"column":146}},{"start":{"line":20,"column":150},"end":{"line":20,"column":170}},{"start":{"line":20,"column":174},"end":{"line":20,"column":190}}],"line":20}},"s":{"0":7,"1":17,"2":7},"f":{"0":17},"b":{"0":[11],"1":[0],"2":[13],"3":[1,16],"4":[5,11],"5":[16,14,14,13,12]},"_coverageSchema":"1a1c01bbd47fc00a2c39e90264f33305004495a9","hash":"17f3eb319f305d5e342f14770e857d636568c25f"}
,"/home/nicomane/Desktop/Programming/React/DIMA-insuline-calculator/src/customComponents/glycemiaChart.js": {"path":"/home/nicomane/Desktop/Programming/React/DIMA-insuline-calculator/src/customComponents/glycemiaChart.js","statementMap":{"0":{"start":{"line":9,"column":19},"end":{"line":9,"column":21}},"1":{"start":{"line":11,"column":20},"end":{"line":11,"column":65}},"2":{"start":{"line":14,"column":20},"end":{"line":33,"column":1}},"3":{"start":{"line":20,"column":28},"end":{"line":20,"column":61}},"4":{"start":{"line":21,"column":33},"end":{"line":21,"column":66}},"5":{"start":{"line":35,"column":29},"end":{"line":59,"column":1}},"6":{"start":{"line":40,"column":17},"end":{"line":40,"column":30}},"7":{"start":{"line":44,"column":17},"end":{"line":44,"column":87}},"8":{"start":{"line":46,"column":4},"end":{"line":58,"column":6}},"9":{"start":{"line":61,"column":13},"end":{"line":73,"column":2}}},"fnMap":{"0":{"name":"(anonymous_0)","decl":{"start":{"line":20,"column":11},"end":{"line":20,"column":12}},"loc":{"start":{"line":20,"column":28},"end":{"line":20,"column":61}},"line":20},"1":{"name":"(anonymous_1)","decl":{"start":{"line":21,"column":16},"end":{"line":21,"column":17}},"loc":{"start":{"line":21,"column":33},"end":{"line":21,"column":66}},"line":21},"2":{"name":"(anonymous_2)","decl":{"start":{"line":35,"column":29},"end":{"line":35,"column":30}},"loc":{"start":{"line":38,"column":15},"end":{"line":59,"column":1}},"line":38}},"branchMap":{"0":{"loc":{"start":{"line":20,"column":12},"end":{"line":20,"column":23}},"type":"default-arg","locations":[{"start":{"line":20,"column":22},"end":{"line":20,"column":23}}],"line":20},"1":{"loc":{"start":{"line":21,"column":17},"end":{"line":21,"column":28}},"type":"default-arg","locations":[{"start":{"line":21,"column":27},"end":{"line":21,"column":28}}],"line":21}},"s":{"0":2,"1":2,"2":2,"3":0,"4":0,"5":2,"6":0,"7":0,"8":0,"9":2},"f":{"0":0,"1":0,"2":0},"b":{"0":[0],"1":[0]},"_coverageSchema":"1a1c01bbd47fc00a2c39e90264f33305004495a9","hash":"51828082dd81889eee958ca19614e000ab5fafbc"}
,"/home/nicomane/Desktop/Programming/React/DIMA-insuline-calculator/src/customComponents/macroChart.js": {"path":"/home/nicomane/Desktop/Programming/React/DIMA-insuline-calculator/src/customComponents/macroChart.js","statementMap":{"0":{"start":{"line":8,"column":19},"end":{"line":8,"column":21}},"1":{"start":{"line":10,"column":20},"end":{"line":10,"column":65}},"2":{"start":{"line":12,"column":24},"end":{"line":33,"column":9}},"3":{"start":{"line":17,"column":32},"end":{"line":17,"column":65}},"4":{"start":{"line":18,"column":37},"end":{"line":18,"column":70}},"5":{"start":{"line":41,"column":22},"end":{"line":43,"column":1}},"6":{"start":{"line":42,"column":2},"end":{"line":42,"column":37}},"7":{"start":{"line":45,"column":26},"end":{"line":70,"column":1}},"8":{"start":{"line":47,"column":20},"end":{"line":47,"column":66}},"9":{"start":{"line":48,"column":20},"end":{"line":48,"column":66}},"10":{"start":{"line":49,"column":20},"end":{"line":49,"column":66}},"11":{"start":{"line":51,"column":18},"end":{"line":56,"column":7}},"12":{"start":{"line":57,"column":4},"end":{"line":69,"column":6}},"13":{"start":{"line":72,"column":13},"end":{"line":80,"column":2}}},"fnMap":{"0":{"name":"(anonymous_0)","decl":{"start":{"line":17,"column":15},"end":{"line":17,"column":16}},"loc":{"start":{"line":17,"column":32},"end":{"line":17,"column":65}},"line":17},"1":{"name":"(anonymous_1)","decl":{"start":{"line":18,"column":20},"end":{"line":18,"column":21}},"loc":{"start":{"line":18,"column":37},"end":{"line":18,"column":70}},"line":18},"2":{"name":"(anonymous_2)","decl":{"start":{"line":41,"column":22},"end":{"line":41,"column":23}},"loc":{"start":{"line":41,"column":34},"end":{"line":43,"column":1}},"line":41},"3":{"name":"(anonymous_3)","decl":{"start":{"line":45,"column":26},"end":{"line":45,"column":27}},"loc":{"start":{"line":45,"column":44},"end":{"line":70,"column":1}},"line":45}},"branchMap":{"0":{"loc":{"start":{"line":17,"column":16},"end":{"line":17,"column":27}},"type":"default-arg","locations":[{"start":{"line":17,"column":26},"end":{"line":17,"column":27}}],"line":17},"1":{"loc":{"start":{"line":18,"column":21},"end":{"line":18,"column":32}},"type":"default-arg","locations":[{"start":{"line":18,"column":31},"end":{"line":18,"column":32}}],"line":18},"2":{"loc":{"start":{"line":42,"column":10},"end":{"line":42,"column":35}},"type":"cond-expr","locations":[{"start":{"line":42,"column":25},"end":{"line":42,"column":32}},{"start":{"line":42,"column":34},"end":{"line":42,"column":35}}],"line":42},"3":{"loc":{"start":{"line":47,"column":20},"end":{"line":47,"column":66}},"type":"cond-expr","locations":[{"start":{"line":47,"column":48},"end":{"line":47,"column":60}},{"start":{"line":47,"column":63},"end":{"line":47,"column":66}}],"line":47},"4":{"loc":{"start":{"line":48,"column":20},"end":{"line":48,"column":66}},"type":"cond-expr","locations":[{"start":{"line":48,"column":48},"end":{"line":48,"column":60}},{"start":{"line":48,"column":63},"end":{"line":48,"column":66}}],"line":48},"5":{"loc":{"start":{"line":49,"column":20},"end":{"line":49,"column":66}},"type":"cond-expr","locations":[{"start":{"line":49,"column":48},"end":{"line":49,"column":60}},{"start":{"line":49,"column":63},"end":{"line":49,"column":66}}],"line":49}},"s":{"0":2,"1":2,"2":2,"3":0,"4":0,"5":2,"6":0,"7":2,"8":0,"9":0,"10":0,"11":0,"12":0,"13":2},"f":{"0":0,"1":0,"2":0,"3":0},"b":{"0":[0],"1":[0],"2":[0,0],"3":[0,0],"4":[0,0],"5":[0,0]},"_coverageSchema":"1a1c01bbd47fc00a2c39e90264f33305004495a9","hash":"ddc13b496a519440d0893c2dc9526fabfa27e6b9"}
,"/home/nicomane/Desktop/Programming/React/DIMA-insuline-calculator/src/customComponents/sportChart.js": {"path":"/home/nicomane/Desktop/Programming/React/DIMA-insuline-calculator/src/customComponents/sportChart.js","statementMap":{"0":{"start":{"line":9,"column":19},"end":{"line":9,"column":21}},"1":{"start":{"line":11,"column":20},"end":{"line":11,"column":65}},"2":{"start":{"line":13,"column":13},"end":{"line":20,"column":1}},"3":{"start":{"line":21,"column":20},"end":{"line":38,"column":1}},"4":{"start":{"line":27,"column":28},"end":{"line":27,"column":61}},"5":{"start":{"line":28,"column":33},"end":{"line":28,"column":66}},"6":{"start":{"line":40,"column":26},"end":{"line":69,"column":1}},"7":{"start":{"line":48,"column":17},"end":{"line":55,"column":7}},"8":{"start":{"line":57,"column":4},"end":{"line":68,"column":6}},"9":{"start":{"line":71,"column":13},"end":{"line":80,"column":2}}},"fnMap":{"0":{"name":"(anonymous_0)","decl":{"start":{"line":27,"column":11},"end":{"line":27,"column":12}},"loc":{"start":{"line":27,"column":28},"end":{"line":27,"column":61}},"line":27},"1":{"name":"(anonymous_1)","decl":{"start":{"line":28,"column":16},"end":{"line":28,"column":17}},"loc":{"start":{"line":28,"column":33},"end":{"line":28,"column":66}},"line":28},"2":{"name":"(anonymous_2)","decl":{"start":{"line":40,"column":26},"end":{"line":40,"column":27}},"loc":{"start":{"line":43,"column":15},"end":{"line":69,"column":1}},"line":43}},"branchMap":{"0":{"loc":{"start":{"line":27,"column":12},"end":{"line":27,"column":23}},"type":"default-arg","locations":[{"start":{"line":27,"column":22},"end":{"line":27,"column":23}}],"line":27},"1":{"loc":{"start":{"line":28,"column":17},"end":{"line":28,"column":28}},"type":"default-arg","locations":[{"start":{"line":28,"column":27},"end":{"line":28,"column":28}}],"line":28}},"s":{"0":1,"1":1,"2":1,"3":1,"4":0,"5":0,"6":1,"7":0,"8":0,"9":1},"f":{"0":0,"1":0,"2":0},"b":{"0":[0],"1":[0]},"_coverageSchema":"1a1c01bbd47fc00a2c39e90264f33305004495a9","hash":"316c45ab208ec345af50338474a9cef3147cb8f8"}
,"/home/nicomane/Desktop/Programming/React/DIMA-insuline-calculator/src/customComponents/containers/inputsBlock.js": {"path":"/home/nicomane/Desktop/Programming/React/DIMA-insuline-calculator/src/customComponents/containers/inputsBlock.js","statementMap":{"0":{"start":{"line":6,"column":26},"end":{"line":19,"column":1}},"1":{"start":{"line":8,"column":4},"end":{"line":18,"column":6}},"2":{"start":{"line":21,"column":15},"end":{"line":39,"column":2}}},"fnMap":{"0":{"name":"(anonymous_0)","decl":{"start":{"line":6,"column":26},"end":{"line":6,"column":27}},"loc":{"start":{"line":6,"column":46},"end":{"line":19,"column":1}},"line":6}},"branchMap":{},"s":{"0":1,"1":3,"2":1},"f":{"0":3},"b":{},"_coverageSchema":"1a1c01bbd47fc00a2c39e90264f33305004495a9","hash":"e9f46e8f9948eb18120051e9379ba9f961d7c288"}
,"/home/nicomane/Desktop/Programming/React/DIMA-insuline-calculator/src/customComponents/containers/inputsContainer.js": {"path":"/home/nicomane/Desktop/Programming/React/DIMA-insuline-calculator/src/customComponents/containers/inputsContainer.js","statementMap":{"0":{"start":{"line":5,"column":30},"end":{"line":16,"column":1}},"1":{"start":{"line":7,"column":4},"end":{"line":15,"column":6}},"2":{"start":{"line":18,"column":15},"end":{"line":36,"column":2}}},"fnMap":{"0":{"name":"(anonymous_0)","decl":{"start":{"line":5,"column":30},"end":{"line":5,"column":31}},"loc":{"start":{"line":5,"column":70},"end":{"line":16,"column":1}},"line":5}},"branchMap":{},"s":{"0":1,"1":1,"2":1},"f":{"0":1},"b":{},"_coverageSchema":"1a1c01bbd47fc00a2c39e90264f33305004495a9","hash":"0f48b293c749c154dd019b0e0fe9964f2ffef9a8"}
,"/home/nicomane/Desktop/Programming/React/DIMA-insuline-calculator/src/customComponents/containers/marginContainer.js": {"path":"/home/nicomane/Desktop/Programming/React/DIMA-insuline-calculator/src/customComponents/containers/marginContainer.js","statementMap":{"0":{"start":{"line":4,"column":31},"end":{"line":11,"column":1}},"1":{"start":{"line":6,"column":4},"end":{"line":10,"column":6}},"2":{"start":{"line":13,"column":15},"end":{"line":19,"column":2}}},"fnMap":{"0":{"name":"(anonymous_0)","decl":{"start":{"line":4,"column":31},"end":{"line":4,"column":32}},"loc":{"start":{"line":4,"column":67},"end":{"line":11,"column":1}},"line":4}},"branchMap":{"0":{"loc":{"start":{"line":4,"column":42},"end":{"line":4,"column":50}},"type":"default-arg","locations":[{"start":{"line":4,"column":48},"end":{"line":4,"column":50}}],"line":4},"1":{"loc":{"start":{"line":4,"column":51},"end":{"line":4,"column":62}},"type":"default-arg","locations":[{"start":{"line":4,"column":57},"end":{"line":4,"column":62}}],"line":4}},"s":{"0":1,"1":4,"2":1},"f":{"0":4},"b":{"0":[4],"1":[4]},"_coverageSchema":"1a1c01bbd47fc00a2c39e90264f33305004495a9","hash":"2e4defd1d3960ee976518a14fe91e597f7f5302e"}
,"/home/nicomane/Desktop/Programming/React/DIMA-insuline-calculator/src/customComponents/containers/waitLoading.js": {"path":"/home/nicomane/Desktop/Programming/React/DIMA-insuline-calculator/src/customComponents/containers/waitLoading.js","statementMap":{"0":{"start":{"line":4,"column":27},"end":{"line":23,"column":1}},"1":{"start":{"line":6,"column":33},"end":{"line":6,"column":45}},"2":{"start":{"line":9,"column":4},"end":{"line":11,"column":42}},"3":{"start":{"line":9,"column":27},"end":{"line":11,"column":42}},"4":{"start":{"line":13,"column":26},"end":{"line":15,"column":5}},"5":{"start":{"line":14,"column":8},"end":{"line":14,"column":26}},"6":{"start":{"line":17,"column":4},"end":{"line":22,"column":6}},"7":{"start":{"line":25,"column":15},"end":{"line":31,"column":2}}},"fnMap":{"0":{"name":"(anonymous_0)","decl":{"start":{"line":4,"column":27},"end":{"line":4,"column":28}},"loc":{"start":{"line":4,"column":101},"end":{"line":23,"column":1}},"line":4},"1":{"name":"(anonymous_1)","decl":{"start":{"line":13,"column":26},"end":{"line":13,"column":27}},"loc":{"start":{"line":13,"column":31},"end":{"line":15,"column":5}},"line":13}},"branchMap":{"0":{"loc":{"start":{"line":4,"column":38},"end":{"line":4,"column":71}},"type":"default-arg","locations":[{"start":{"line":4,"column":51},"end":{"line":4,"column":71}}],"line":4},"1":{"loc":{"start":{"line":4,"column":72},"end":{"line":4,"column":87}},"type":"default-arg","locations":[{"start":{"line":4,"column":83},"end":{"line":4,"column":87}}],"line":4},"2":{"loc":{"start":{"line":4,"column":88},"end":{"line":4,"column":96}},"type":"default-arg","locations":[{"start":{"line":4,"column":94},"end":{"line":4,"column":96}}],"line":4},"3":{"loc":{"start":{"line":9,"column":4},"end":{"line":11,"column":42}},"type":"if","locations":[{"start":{"line":9,"column":4},"end":{"line":11,"column":42}},{"start":{},"end":{}}],"line":9},"4":{"loc":{"start":{"line":19,"column":13},"end":{"line":19,"column":53}},"type":"cond-expr","locations":[{"start":{"line":19,"column":24},"end":{"line":19,"column":39}},{"start":{"line":19,"column":44},"end":{"line":19,"column":52}}],"line":19}},"s":{"0":3,"1":4,"2":4,"3":4,"4":4,"5":2,"6":4,"7":3},"f":{"0":4,"1":2},"b":{"0":[0],"1":[4],"2":[4],"3":[4,0],"4":[2,2]},"_coverageSchema":"1a1c01bbd47fc00a2c39e90264f33305004495a9","hash":"f05347cc1066f6b19c6887a0b607c67dcafc413e"}
,"/home/nicomane/Desktop/Programming/React/DIMA-insuline-calculator/src/pages/diary/meal.js": {"path":"/home/nicomane/Desktop/Programming/React/DIMA-insuline-calculator/src/pages/diary/meal.js","statementMap":{"0":{"start":{"line":26,"column":20},"end":{"line":193,"column":1}},"1":{"start":{"line":29,"column":35},"end":{"line":29,"column":52}},"2":{"start":{"line":30,"column":34},"end":{"line":30,"column":49}},"3":{"start":{"line":31,"column":22},"end":{"line":31,"column":79}},"4":{"start":{"line":33,"column":21},"end":{"line":33,"column":34}},"5":{"start":{"line":35,"column":25},"end":{"line":35,"column":28}},"6":{"start":{"line":36,"column":15},"end":{"line":36,"column":45}},"7":{"start":{"line":45,"column":21},"end":{"line":69,"column":5}},"8":{"start":{"line":47,"column":8},"end":{"line":68,"column":9}},"9":{"start":{"line":49,"column":12},"end":{"line":49,"column":42}},"10":{"start":{"line":50,"column":12},"end":{"line":50,"column":42}},"11":{"start":{"line":51,"column":12},"end":{"line":51,"column":48}},"12":{"start":{"line":54,"column":12},"end":{"line":54,"column":107}},"13":{"start":{"line":57,"column":12},"end":{"line":67,"column":13}},"14":{"start":{"line":58,"column":16},"end":{"line":58,"column":54}},"15":{"start":{"line":59,"column":16},"end":{"line":59,"column":54}},"16":{"start":{"line":60,"column":16},"end":{"line":60,"column":61}},"17":{"start":{"line":63,"column":16},"end":{"line":63,"column":46}},"18":{"start":{"line":64,"column":16},"end":{"line":64,"column":66}},"19":{"start":{"line":65,"column":16},"end":{"line":65,"column":66}},"20":{"start":{"line":66,"column":16},"end":{"line":66,"column":73}},"21":{"start":{"line":71,"column":4},"end":{"line":71,"column":15}},"22":{"start":{"line":74,"column":21},"end":{"line":79,"column":5}},"23":{"start":{"line":76,"column":8},"end":{"line":76,"column":37}},"24":{"start":{"line":78,"column":8},"end":{"line":78,"column":45}},"25":{"start":{"line":80,"column":19},"end":{"line":84,"column":5}},"26":{"start":{"line":81,"column":8},"end":{"line":81,"column":37}},"27":{"start":{"line":83,"column":8},"end":{"line":83,"column":48}},"28":{"start":{"line":86,"column":23},"end":{"line":89,"column":5}},"29":{"start":{"line":87,"column":8},"end":{"line":87,"column":77}},"30":{"start":{"line":88,"column":8},"end":{"line":88,"column":43}},"31":{"start":{"line":88,"column":32},"end":{"line":88,"column":41}},"32":{"start":{"line":90,"column":29},"end":{"line":93,"column":7}},"33":{"start":{"line":92,"column":8},"end":{"line":92,"column":37}},"34":{"start":{"line":95,"column":14},"end":{"line":95,"column":15}},"35":{"start":{"line":96,"column":27},"end":{"line":104,"column":5}},"36":{"start":{"line":97,"column":8},"end":{"line":103,"column":10}},"37":{"start":{"line":105,"column":32},"end":{"line":113,"column":5}},"38":{"start":{"line":106,"column":8},"end":{"line":112,"column":10}},"39":{"start":{"line":115,"column":26},"end":{"line":142,"column":5}},"40":{"start":{"line":116,"column":8},"end":{"line":141,"column":10}},"41":{"start":{"line":120,"column":50},"end":{"line":120,"column":55}},"42":{"start":{"line":124,"column":53},"end":{"line":124,"column":79}},"43":{"start":{"line":127,"column":50},"end":{"line":127,"column":55}},"44":{"start":{"line":131,"column":47},"end":{"line":131,"column":72}},"45":{"start":{"line":135,"column":41},"end":{"line":135,"column":51}},"46":{"start":{"line":137,"column":40},"end":{"line":137,"column":50}},"47":{"start":{"line":145,"column":4},"end":{"line":190,"column":6}},"48":{"start":{"line":196,"column":24},"end":{"line":199,"column":3}},"49":{"start":{"line":198,"column":4},"end":{"line":198,"column":38}}},"fnMap":{"0":{"name":"(anonymous_0)","decl":{"start":{"line":26,"column":20},"end":{"line":26,"column":21}},"loc":{"start":{"line":26,"column":79},"end":{"line":193,"column":1}},"line":26},"1":{"name":"(anonymous_1)","decl":{"start":{"line":45,"column":21},"end":{"line":45,"column":22}},"loc":{"start":{"line":45,"column":26},"end":{"line":69,"column":5}},"line":45},"2":{"name":"(anonymous_2)","decl":{"start":{"line":74,"column":21},"end":{"line":74,"column":22}},"loc":{"start":{"line":74,"column":26},"end":{"line":79,"column":5}},"line":74},"3":{"name":"(anonymous_3)","decl":{"start":{"line":80,"column":19},"end":{"line":80,"column":20}},"loc":{"start":{"line":80,"column":23},"end":{"line":84,"column":5}},"line":80},"4":{"name":"(anonymous_4)","decl":{"start":{"line":86,"column":23},"end":{"line":86,"column":24}},"loc":{"start":{"line":86,"column":28},"end":{"line":89,"column":5}},"line":86},"5":{"name":"(anonymous_5)","decl":{"start":{"line":88,"column":20},"end":{"line":88,"column":21}},"loc":{"start":{"line":88,"column":32},"end":{"line":88,"column":41}},"line":88},"6":{"name":"(anonymous_6)","decl":{"start":{"line":90,"column":29},"end":{"line":90,"column":30}},"loc":{"start":{"line":90,"column":35},"end":{"line":93,"column":7}},"line":90},"7":{"name":"(anonymous_7)","decl":{"start":{"line":96,"column":27},"end":{"line":96,"column":28}},"loc":{"start":{"line":96,"column":42},"end":{"line":104,"column":5}},"line":96},"8":{"name":"(anonymous_8)","decl":{"start":{"line":105,"column":32},"end":{"line":105,"column":33}},"loc":{"start":{"line":105,"column":41},"end":{"line":113,"column":5}},"line":105},"9":{"name":"(anonymous_9)","decl":{"start":{"line":115,"column":26},"end":{"line":115,"column":27}},"loc":{"start":{"line":115,"column":31},"end":{"line":142,"column":5}},"line":115},"10":{"name":"(anonymous_10)","decl":{"start":{"line":120,"column":34},"end":{"line":120,"column":35}},"loc":{"start":{"line":120,"column":50},"end":{"line":120,"column":55}},"line":120},"11":{"name":"(anonymous_11)","decl":{"start":{"line":124,"column":32},"end":{"line":124,"column":33}},"loc":{"start":{"line":124,"column":53},"end":{"line":124,"column":79}},"line":124},"12":{"name":"(anonymous_12)","decl":{"start":{"line":127,"column":34},"end":{"line":127,"column":35}},"loc":{"start":{"line":127,"column":50},"end":{"line":127,"column":55}},"line":127},"13":{"name":"(anonymous_13)","decl":{"start":{"line":131,"column":32},"end":{"line":131,"column":33}},"loc":{"start":{"line":131,"column":47},"end":{"line":131,"column":72}},"line":131},"14":{"name":"(anonymous_14)","decl":{"start":{"line":135,"column":36},"end":{"line":135,"column":37}},"loc":{"start":{"line":135,"column":40},"end":{"line":135,"column":52}},"line":135},"15":{"name":"(anonymous_15)","decl":{"start":{"line":137,"column":35},"end":{"line":137,"column":36}},"loc":{"start":{"line":137,"column":39},"end":{"line":137,"column":51}},"line":137},"16":{"name":"(anonymous_16)","decl":{"start":{"line":196,"column":24},"end":{"line":196,"column":25}},"loc":{"start":{"line":196,"column":50},"end":{"line":199,"column":3}},"line":196}},"branchMap":{"0":{"loc":{"start":{"line":26,"column":33},"end":{"line":26,"column":42}},"type":"default-arg","locations":[{"start":{"line":26,"column":40},"end":{"line":26,"column":42}}],"line":26},"1":{"loc":{"start":{"line":26,"column":44},"end":{"line":26,"column":62}},"type":"default-arg","locations":[{"start":{"line":26,"column":51},"end":{"line":26,"column":62}}],"line":26},"2":{"loc":{"start":{"line":47,"column":8},"end":{"line":68,"column":9}},"type":"if","locations":[{"start":{"line":47,"column":8},"end":{"line":68,"column":9}},{"start":{"line":53,"column":13},"end":{"line":68,"column":9}}],"line":47},"3":{"loc":{"start":{"line":185,"column":12},"end":{"line":185,"column":45}},"type":"cond-expr","locations":[{"start":{"line":185,"column":24},"end":{"line":185,"column":39}},{"start":{"line":185,"column":41},"end":{"line":185,"column":45}}],"line":185},"4":{"loc":{"start":{"line":196,"column":32},"end":{"line":196,"column":45}},"type":"default-arg","locations":[{"start":{"line":196,"column":43},"end":{"line":196,"column":45}}],"line":196}},"s":{"0":1,"1":5,"2":5,"3":5,"4":5,"5":5,"6":5,"7":5,"8":5,"9":5,"10":5,"11":5,"12":0,"13":0,"14":0,"15":0,"16":0,"17":0,"18":0,"19":0,"20":0,"21":5,"22":5,"23":1,"24":1,"25":5,"26":1,"27":1,"28":5,"29":1,"30":1,"31":1,"32":5,"33":0,"34":5,"35":5,"36":0,"37":5,"38":0,"39":5,"40":1,"41":0,"42":0,"43":0,"44":0,"45":1,"46":1,"47":5,"48":1,"49":4},"f":{"0":5,"1":5,"2":1,"3":1,"4":1,"5":1,"6":0,"7":0,"8":0,"9":1,"10":0,"11":0,"12":0,"13":0,"14":1,"15":1,"16":4},"b":{"0":[0],"1":[0],"2":[5,0],"3":[1,4],"4":[4]},"_coverageSchema":"1a1c01bbd47fc00a2c39e90264f33305004495a9","hash":"4b84046d9fcaed9767990886c5e731afb27f2126"}
,"/home/nicomane/Desktop/Programming/React/DIMA-insuline-calculator/src/pages/diary/mealDiary.js": {"path":"/home/nicomane/Desktop/Programming/React/DIMA-insuline-calculator/src/pages/diary/mealDiary.js","statementMap":{"0":{"start":{"line":20,"column":19},"end":{"line":20,"column":21}},"1":{"start":{"line":21,"column":20},"end":{"line":21,"column":65}},"2":{"start":{"line":26,"column":20},"end":{"line":49,"column":5}},"3":{"start":{"line":31,"column":28},"end":{"line":31,"column":61}},"4":{"start":{"line":32,"column":33},"end":{"line":32,"column":66}},"5":{"start":{"line":55,"column":25},"end":{"line":113,"column":1}},"6":{"start":{"line":57,"column":2},"end":{"line":57,"column":46}},"7":{"start":{"line":58,"column":19},"end":{"line":58,"column":44}},"8":{"start":{"line":60,"column":19},"end":{"line":60,"column":32}},"9":{"start":{"line":62,"column":18},"end":{"line":62,"column":21}},"10":{"start":{"line":63,"column":18},"end":{"line":63,"column":21}},"11":{"start":{"line":64,"column":18},"end":{"line":64,"column":21}},"12":{"start":{"line":68,"column":16},"end":{"line":71,"column":3}},"13":{"start":{"line":73,"column":20},"end":{"line":77,"column":3}},"14":{"start":{"line":75,"column":4},"end":{"line":75,"column":35}},"15":{"start":{"line":76,"column":4},"end":{"line":76,"column":32}},"16":{"start":{"line":81,"column":0},"end":{"line":112,"column":6}},"17":{"start":{"line":117,"column":24},"end":{"line":119,"column":1}},"18":{"start":{"line":118,"column":2},"end":{"line":118,"column":60}}},"fnMap":{"0":{"name":"(anonymous_0)","decl":{"start":{"line":31,"column":11},"end":{"line":31,"column":12}},"loc":{"start":{"line":31,"column":28},"end":{"line":31,"column":61}},"line":31},"1":{"name":"(anonymous_1)","decl":{"start":{"line":32,"column":16},"end":{"line":32,"column":17}},"loc":{"start":{"line":32,"column":33},"end":{"line":32,"column":66}},"line":32},"2":{"name":"(anonymous_2)","decl":{"start":{"line":55,"column":25},"end":{"line":55,"column":26}},"loc":{"start":{"line":55,"column":61},"end":{"line":113,"column":1}},"line":55},"3":{"name":"(anonymous_3)","decl":{"start":{"line":73,"column":20},"end":{"line":73,"column":21}},"loc":{"start":{"line":73,"column":30},"end":{"line":77,"column":3}},"line":73},"4":{"name":"(anonymous_4)","decl":{"start":{"line":117,"column":24},"end":{"line":117,"column":25}},"loc":{"start":{"line":117,"column":50},"end":{"line":119,"column":1}},"line":117}},"branchMap":{"0":{"loc":{"start":{"line":31,"column":12},"end":{"line":31,"column":23}},"type":"default-arg","locations":[{"start":{"line":31,"column":22},"end":{"line":31,"column":23}}],"line":31},"1":{"loc":{"start":{"line":32,"column":17},"end":{"line":32,"column":28}},"type":"default-arg","locations":[{"start":{"line":32,"column":27},"end":{"line":32,"column":28}}],"line":32},"2":{"loc":{"start":{"line":70,"column":12},"end":{"line":70,"column":103}},"type":"cond-expr","locations":[{"start":{"line":70,"column":60},"end":{"line":70,"column":98}},{"start":{"line":70,"column":102},"end":{"line":70,"column":103}}],"line":70},"3":{"loc":{"start":{"line":70,"column":106},"end":{"line":70,"column":193}},"type":"cond-expr","locations":[{"start":{"line":70,"column":152},"end":{"line":70,"column":188}},{"start":{"line":70,"column":192},"end":{"line":70,"column":193}}],"line":70},"4":{"loc":{"start":{"line":70,"column":196},"end":{"line":70,"column":287}},"type":"cond-expr","locations":[{"start":{"line":70,"column":244},"end":{"line":70,"column":282}},{"start":{"line":70,"column":286},"end":{"line":70,"column":287}}],"line":70},"5":{"loc":{"start":{"line":117,"column":32},"end":{"line":117,"column":45}},"type":"default-arg","locations":[{"start":{"line":117,"column":43},"end":{"line":117,"column":45}}],"line":117}},"s":{"0":1,"1":1,"2":1,"3":0,"4":0,"5":1,"6":1,"7":1,"8":1,"9":1,"10":1,"11":1,"12":1,"13":1,"14":0,"15":0,"16":1,"17":1,"18":0},"f":{"0":0,"1":0,"2":1,"3":0,"4":0},"b":{"0":[0],"1":[0],"2":[1,0],"3":[1,0],"4":[1,0],"5":[0]},"_coverageSchema":"1a1c01bbd47fc00a2c39e90264f33305004495a9","hash":"e29dd21b713832e47584bdbf0766b72f6f077820"}
,"/home/nicomane/Desktop/Programming/React/DIMA-insuline-calculator/src/pages/diary/style.js": {"path":"/home/nicomane/Desktop/Programming/React/DIMA-insuline-calculator/src/pages/diary/style.js","statementMap":{},"fnMap":{},"branchMap":{},"s":{},"f":{},"b":{},"_coverageSchema":"1a1c01bbd47fc00a2c39e90264f33305004495a9","hash":"4c1d6bb7f9503dcc1ac8e1630ac8c75eedadc2ed"}
,"/home/nicomane/Desktop/Programming/React/DIMA-insuline-calculator/src/pages/foodSearch/food.js": {"path":"/home/nicomane/Desktop/Programming/React/DIMA-insuline-calculator/src/pages/foodSearch/food.js","statementMap":{"0":{"start":{"line":11,"column":20},"end":{"line":11,"column":50}},"1":{"start":{"line":13,"column":20},"end":{"line":105,"column":1}},"2":{"start":{"line":16,"column":35},"end":{"line":16,"column":52}},"3":{"start":{"line":17,"column":29},"end":{"line":17,"column":41}},"4":{"start":{"line":18,"column":21},"end":{"line":18,"column":34}},"5":{"start":{"line":19,"column":13},"end":{"line":19,"column":15}},"6":{"start":{"line":20,"column":4},"end":{"line":25,"column":5}},"7":{"start":{"line":21,"column":8},"end":{"line":21,"column":21}},"8":{"start":{"line":24,"column":8},"end":{"line":24,"column":16}},"9":{"start":{"line":27,"column":15},"end":{"line":27,"column":41}},"10":{"start":{"line":28,"column":15},"end":{"line":28,"column":56}},"11":{"start":{"line":31,"column":23},"end":{"line":35,"column":5}},"12":{"start":{"line":32,"column":8},"end":{"line":32,"column":52}},"13":{"start":{"line":33,"column":8},"end":{"line":33,"column":82}},"14":{"start":{"line":34,"column":8},"end":{"line":34,"column":27}},"15":{"start":{"line":36,"column":23},"end":{"line":43,"column":5}},"16":{"start":{"line":37,"column":8},"end":{"line":37,"column":77}},"17":{"start":{"line":38,"column":8},"end":{"line":38,"column":43}},"18":{"start":{"line":38,"column":32},"end":{"line":38,"column":41}},"19":{"start":{"line":39,"column":8},"end":{"line":42,"column":9}},"20":{"start":{"line":40,"column":12},"end":{"line":40,"column":30}},"21":{"start":{"line":47,"column":21},"end":{"line":50,"column":5}},"22":{"start":{"line":48,"column":8},"end":{"line":48,"column":38}},"23":{"start":{"line":49,"column":8},"end":{"line":49,"column":35}},"24":{"start":{"line":51,"column":22},"end":{"line":54,"column":5}},"25":{"start":{"line":52,"column":8},"end":{"line":52,"column":47}},"26":{"start":{"line":53,"column":8},"end":{"line":53,"column":38}},"27":{"start":{"line":57,"column":26},"end":{"line":74,"column":5}},"28":{"start":{"line":58,"column":8},"end":{"line":58,"column":26}},"29":{"start":{"line":60,"column":8},"end":{"line":73,"column":22}},"30":{"start":{"line":68,"column":56},"end":{"line":68,"column":94}},"31":{"start":{"line":77,"column":27},"end":{"line":77,"column":92}},"32":{"start":{"line":78,"column":27},"end":{"line":78,"column":106}},"33":{"start":{"line":79,"column":4},"end":{"line":102,"column":6}},"34":{"start":{"line":83,"column":46},"end":{"line":83,"column":69}},"35":{"start":{"line":106,"column":15},"end":{"line":141,"column":1}}},"fnMap":{"0":{"name":"(anonymous_0)","decl":{"start":{"line":13,"column":20},"end":{"line":13,"column":21}},"loc":{"start":{"line":13,"column":76},"end":{"line":105,"column":1}},"line":13},"1":{"name":"(anonymous_1)","decl":{"start":{"line":31,"column":23},"end":{"line":31,"column":24}},"loc":{"start":{"line":31,"column":28},"end":{"line":35,"column":5}},"line":31},"2":{"name":"(anonymous_2)","decl":{"start":{"line":36,"column":23},"end":{"line":36,"column":24}},"loc":{"start":{"line":36,"column":28},"end":{"line":43,"column":5}},"line":36},"3":{"name":"(anonymous_3)","decl":{"start":{"line":38,"column":20},"end":{"line":38,"column":21}},"loc":{"start":{"line":38,"column":32},"end":{"line":38,"column":41}},"line":38},"4":{"name":"(anonymous_4)","decl":{"start":{"line":47,"column":21},"end":{"line":47,"column":22}},"loc":{"start":{"line":47,"column":26},"end":{"line":50,"column":5}},"line":47},"5":{"name":"(anonymous_5)","decl":{"start":{"line":51,"column":22},"end":{"line":51,"column":23}},"loc":{"start":{"line":51,"column":27},"end":{"line":54,"column":5}},"line":51},"6":{"name":"(anonymous_6)","decl":{"start":{"line":57,"column":26},"end":{"line":57,"column":27}},"loc":{"start":{"line":57,"column":31},"end":{"line":74,"column":5}},"line":57},"7":{"name":"(anonymous_7)","decl":{"start":{"line":68,"column":49},"end":{"line":68,"column":50}},"loc":{"start":{"line":68,"column":55},"end":{"line":68,"column":95}},"line":68},"8":{"name":"(anonymous_8)","decl":{"start":{"line":83,"column":41},"end":{"line":83,"column":42}},"loc":{"start":{"line":83,"column":45},"end":{"line":83,"column":70}},"line":83}},"branchMap":{"0":{"loc":{"start":{"line":13,"column":31},"end":{"line":13,"column":46}},"type":"default-arg","locations":[{"start":{"line":13,"column":41},"end":{"line":13,"column":46}}],"line":13},"1":{"loc":{"start":{"line":13,"column":47},"end":{"line":13,"column":59}},"type":"default-arg","locations":[{"start":{"line":13,"column":58},"end":{"line":13,"column":59}}],"line":13},"2":{"loc":{"start":{"line":13,"column":60},"end":{"line":13,"column":71}},"type":"default-arg","locations":[{"start":{"line":13,"column":66},"end":{"line":13,"column":71}}],"line":13},"3":{"loc":{"start":{"line":20,"column":4},"end":{"line":25,"column":5}},"type":"if","locations":[{"start":{"line":20,"column":4},"end":{"line":25,"column":5}},{"start":{"line":23,"column":9},"end":{"line":25,"column":5}}],"line":20},"4":{"loc":{"start":{"line":27,"column":15},"end":{"line":27,"column":41}},"type":"cond-expr","locations":[{"start":{"line":27,"column":21},"end":{"line":27,"column":25}},{"start":{"line":27,"column":27},"end":{"line":27,"column":41}}],"line":27},"5":{"loc":{"start":{"line":28,"column":15},"end":{"line":28,"column":56}},"type":"cond-expr","locations":[{"start":{"line":28,"column":22},"end":{"line":28,"column":42}},{"start":{"line":28,"column":44},"end":{"line":28,"column":56}}],"line":28},"6":{"loc":{"start":{"line":39,"column":8},"end":{"line":42,"column":9}},"type":"if","locations":[{"start":{"line":39,"column":8},"end":{"line":42,"column":9}},{"start":{},"end":{}}],"line":39},"7":{"loc":{"start":{"line":68,"column":56},"end":{"line":68,"column":94}},"type":"cond-expr","locations":[{"start":{"line":68,"column":68},"end":{"line":68,"column":81}},{"start":{"line":68,"column":82},"end":{"line":68,"column":94}}],"line":68},"8":{"loc":{"start":{"line":83,"column":46},"end":{"line":83,"column":69}},"type":"cond-expr","locations":[{"start":{"line":83,"column":52},"end":{"line":83,"column":56}},{"start":{"line":83,"column":57},"end":{"line":83,"column":69}}],"line":83},"9":{"loc":{"start":{"line":86,"column":29},"end":{"line":86,"column":66}},"type":"cond-expr","locations":[{"start":{"line":86,"column":40},"end":{"line":86,"column":54}},{"start":{"line":86,"column":55},"end":{"line":86,"column":66}}],"line":86},"10":{"loc":{"start":{"line":89,"column":24},"end":{"line":89,"column":72}},"type":"cond-expr","locations":[{"start":{"line":89,"column":51},"end":{"line":89,"column":66}},{"start":{"line":89,"column":68},"end":{"line":89,"column":72}}],"line":89},"11":{"loc":{"start":{"line":89,"column":25},"end":{"line":89,"column":46}},"type":"binary-expr","locations":[{"start":{"line":89,"column":25},"end":{"line":89,"column":33}},{"start":{"line":89,"column":37},"end":{"line":89,"column":46}}],"line":89},"12":{"loc":{"start":{"line":95,"column":33},"end":{"line":95,"column":277}},"type":"cond-expr","locations":[{"start":{"line":95,"column":78},"end":{"line":95,"column":104}},{"start":{"line":95,"column":105},"end":{"line":95,"column":277}}],"line":95},"13":{"loc":{"start":{"line":95,"column":33},"end":{"line":95,"column":75}},"type":"binary-expr","locations":[{"start":{"line":95,"column":33},"end":{"line":95,"column":38}},{"start":{"line":95,"column":42},"end":{"line":95,"column":75}}],"line":95},"14":{"loc":{"start":{"line":95,"column":105},"end":{"line":95,"column":277}},"type":"cond-expr","locations":[{"start":{"line":95,"column":111},"end":{"line":95,"column":142}},{"start":{"line":95,"column":144},"end":{"line":95,"column":277}}],"line":95},"15":{"loc":{"start":{"line":95,"column":144},"end":{"line":95,"column":277}},"type":"cond-expr","locations":[{"start":{"line":95,"column":235},"end":{"line":95,"column":246}},{"start":{"line":95,"column":247},"end":{"line":95,"column":277}}],"line":95},"16":{"loc":{"start":{"line":95,"column":144},"end":{"line":95,"column":232}},"type":"binary-expr","locations":[{"start":{"line":95,"column":144},"end":{"line":95,"column":150}},{"start":{"line":95,"column":152},"end":{"line":95,"column":232}}],"line":95},"17":{"loc":{"start":{"line":97,"column":23},"end":{"line":97,"column":132}},"type":"cond-expr","locations":[{"start":{"line":97,"column":46},"end":{"line":97,"column":70}},{"start":{"line":97,"column":72},"end":{"line":97,"column":132}}],"line":97},"18":{"loc":{"start":{"line":97,"column":24},"end":{"line":97,"column":42}},"type":"binary-expr","locations":[{"start":{"line":97,"column":24},"end":{"line":97,"column":33}},{"start":{"line":97,"column":37},"end":{"line":97,"column":42}}],"line":97},"19":{"loc":{"start":{"line":97,"column":72},"end":{"line":97,"column":132}},"type":"cond-expr","locations":[{"start":{"line":97,"column":95},"end":{"line":97,"column":126}},{"start":{"line":97,"column":128},"end":{"line":97,"column":132}}],"line":97},"20":{"loc":{"start":{"line":97,"column":73},"end":{"line":97,"column":92}},"type":"binary-expr","locations":[{"start":{"line":97,"column":73},"end":{"line":97,"column":82}},{"start":{"line":97,"column":86},"end":{"line":97,"column":92}}],"line":97}},"s":{"0":4,"1":4,"2":5,"3":
[...]
":25,"column":57},"end":{"line":25,"column":61}}],"line":25},"3":{"loc":{"start":{"line":27,"column":8},"end":{"line":43,"column":9}},"type":"switch","locations":[{"start":{"line":28,"column":12},"end":{"line":30,"column":22}},{"start":{"line":31,"column":12},"end":{"line":33,"column":22}},{"start":{"line":34,"column":12},"end":{"line":36,"column":22}},{"start":{"line":37,"column":12},"end":{"line":39,"column":22}},{"start":{"line":40,"column":12},"end":{"line":41,"column":22}},{"start":{"line":42,"column":12},"end":{"line":42,"column":33}}],"line":27},"4":{"loc":{"start":{"line":46,"column":8},"end":{"line":49,"column":9}},"type":"if","locations":[{"start":{"line":46,"column":8},"end":{"line":49,"column":9}},{"start":{},"end":{}}],"line":46},"5":{"loc":{"start":{"line":52,"column":8},"end":{"line":58,"column":9}},"type":"if","locations":[{"start":{"line":52,"column":8},"end":{"line":58,"column":9}},{"start":{"line":55,"column":12},"end":{"line":58,"column":9}}],"line":52},"6":{"loc":{"start":{"line":62,"column":19},"end":{"line":62,"column":35}},"type":"default-arg","locations":[{"start":{"line":62,"column":31},"end":{"line":62,"column":35}}],"line":62},"7":{"loc":{"start":{"line":72,"column":8},"end":{"line":74,"column":9}},"type":"if","locations":[{"start":{"line":72,"column":8},"end":{"line":74,"column":9}},{"start":{},"end":{}}],"line":72},"8":{"loc":{"start":{"line":76,"column":8},"end":{"line":78,"column":9}},"type":"if","locations":[{"start":{"line":76,"column":8},"end":{"line":78,"column":9}},{"start":{},"end":{}}],"line":76},"9":{"loc":{"start":{"line":80,"column":8},"end":{"line":82,"column":9}},"type":"if","locations":[{"start":{"line":80,"column":8},"end":{"line":82,"column":9}},{"start":{},"end":{}}],"line":80},"10":{"loc":{"start":{"line":86,"column":8},"end":{"line":88,"column":9}},"type":"if","locations":[{"start":{"line":86,"column":8},"end":{"line":88,"column":9}},{"start":{},"end":{}}],"line":86},"11":{"loc":{"start":{"line":89,"column":8},"end":{"line":91,"column":9}},"type":"if","locations":[{"start":{"line":89,"column":8},"end":{"line":91,"column":9}},{"start":{},"end":{}}],"line":89},"12":{"loc":{"start":{"line":92,"column":8},"end":{"line":94,"column":9}},"type":"if","locations":[{"start":{"line":92,"column":8},"end":{"line":94,"column":9}},{"start":{},"end":{}}],"line":92},"13":{"loc":{"start":{"line":95,"column":8},"end":{"line":97,"column":9}},"type":"if","locations":[{"start":{"line":95,"column":8},"end":{"line":97,"column":9}},{"start":{},"end":{}}],"line":95},"14":{"loc":{"start":{"line":101,"column":8},"end":{"line":103,"column":9}},"type":"if","locations":[{"start":{"line":101,"column":8},"end":{"line":103,"column":9}},{"start":{},"end":{}}],"line":101},"15":{"loc":{"start":{"line":105,"column":8},"end":{"line":107,"column":9}},"type":"if","locations":[{"start":{"line":105,"column":8},"end":{"line":107,"column":9}},{"start":{},"end":{}}],"line":105},"16":{"loc":{"start":{"line":105,"column":11},"end":{"line":105,"column":59}},"type":"binary-expr","locations":[{"start":{"line":105,"column":11},"end":{"line":105,"column":33}},{"start":{"line":105,"column":37},"end":{"line":105,"column":59}}],"line":105}},"s":{"0":4,"1":4,"2":0,"3":4,"4":0,"5":0,"6":0,"7":0,"8":0,"9":4,"10":0,"11":0,"12":0,"13":0,"14":0,"15":0,"16":0,"17":0,"18":0,"19":0,"20":0,"21":0,"22":0,"23":0,"24":0,"25":0,"26":0,"27":0,"28":4,"29":4,"30":4,"31":0,"32":0,"33":0,"34":0,"35":0,"36":0,"37":4,"38":0,"39":0,"40":0,"41":0,"42":0,"43":0,"44":0,"45":0,"46":4,"47":0,"48":0,"49":0,"50":0,"51":4,"52":0,"53":4},"f":{"0":0,"1":0,"2":0,"3":0,"4":0,"5":0,"6":0,"7":0,"8":0},"b":{"0":[0,0],"1":[0,0],"2":[0],"3":[0,0,0,0,0,0],"4":[0,0],"5":[0,0],"6":[0],"7":[0,0],"8":[0,0],"9":[0,0],"10":[0,0],"11":[0,0],"12":[0,0],"13":[0,0],"14":[0,0],"15":[0,0],"16":[0,0]},"_coverageSchema":"1a1c01bbd47fc00a2c39e90264f33305004495a9","hash":"80f060e252f0819ba95c5951a9436ec33bac493f"}
,"/home/nicomane/Desktop/Programming/React/DIMA-insuline-calculator/src/utils/insulineCalculator.js": {"path":"/home/nicomane/Desktop/Programming/React/DIMA-insuline-calculator/src/utils/insulineCalculator.js","statementMap":{"0":{"start":{"line":18,"column":19},"end":{"line":18,"column":22}},"1":{"start":{"line":21,"column":12},"end":{"line":21,"column":15}},"2":{"start":{"line":28,"column":8},"end":{"line":28,"column":27}},"3":{"start":{"line":30,"column":8},"end":{"line":35,"column":9}},"4":{"start":{"line":31,"column":12},"end":{"line":31,"column":52}},"5":{"start":{"line":32,"column":12},"end":{"line":32,"column":70}},"6":{"start":{"line":34,"column":16},"end":{"line":34,"column":61}},"7":{"start":{"line":36,"column":8},"end":{"line":41,"column":9}},"8":{"start":{"line":37,"column":12},"end":{"line":37,"column":52}},"9":{"start":{"line":38,"column":12},"end":{"line":38,"column":58}},"10":{"start":{"line":40,"column":12},"end":{"line":40,"column":35}},"11":{"start":{"line":51,"column":8},"end":{"line":51,"column":61}},"12":{"start":{"line":56,"column":31},"end":{"line":56,"column":76}},"13":{"start":{"line":57,"column":37},"end":{"line":57,"column":38}},"14":{"start":{"line":58,"column":8},"end":{"line":60,"column":9}},"15":{"start":{"line":59,"column":12},"end":{"line":59,"column":103}},"16":{"start":{"line":61,"column":31},"end":{"line":61,"column":72}},"17":{"start":{"line":63,"column":8},"end":{"line":65,"column":103}},"18":{"start":{"line":64,"column":12},"end":{"line":64,"column":60}},"19":{"start":{"line":65,"column":15},"end":{"line":65,"column":102}},"20":{"start":{"line":71,"column":8},"end":{"line":71,"column":49}}},"fnMap":{"0":{"name":"(anonymous_0)","decl":{"start":{"line":27,"column":4},"end":{"line":27,"column":5}},"loc":{"start":{"line":27,"column":53},"end":{"line":42,"column":5}},"line":27},"1":{"name":"(anonymous_1)","decl":{"start":{"line":46,"column":4},"end":{"line":46,"column":5}},"loc":{"start":{"line":46,"column":19},"end":{"line":48,"column":5}},"line":46},"2":{"name":"(anonymous_2)","decl":{"start":{"line":50,"column":4},"end":{"line":50,"column":5}},"loc":{"start":{"line":50,"column":19},"end":{"line":52,"column":5}},"line":50},"3":{"name":"(anonymous_3)","decl":{"start":{"line":54,"column":4},"end":{"line":54,"column":5}},"loc":{"start":{"line":54,"column":37},"end":{"line":66,"column":5}},"line":54},"4":{"name":"(anonymous_4)","decl":{"start":{"line":70,"column":4},"end":{"line":70,"column":5}},"loc":{"start":{"line":70,"column":11},"end":{"line":72,"column":5}},"line":70}},"branchMap":{"0":{"loc":{"start":{"line":30,"column":8},"end":{"line":35,"column":9}},"type":"if","locations":[{"start":{"line":30,"column":8},"end":{"line":35,"column":9}},{"start":{"line":33,"column":14},"end":{"line":35,"column":9}}],"line":30},"1":{"loc":{"start":{"line":30,"column":11},"end":{"line":30,"column":62}},"type":"binary-expr","locations":[{"start":{"line":30,"column":11},"end":{"line":30,"column":36}},{"start":{"line":30,"column":40},"end":{"line":30,"column":62}}],"line":30},"2":{"loc":{"start":{"line":36,"column":8},"end":{"line":41,"column":9}},"type":"if","locations":[{"start":{"line":36,"column":8},"end":{"line":41,"column":9}},{"start":{"line":39,"column":13},"end":{"line":41,"column":9}}],"line":36},"3":{"loc":{"start":{"line":36,"column":11},"end":{"line":36,"column":40}},"type":"binary-expr","locations":[{"start":{"line":36,"column":11},"end":{"line":36,"column":25}},{"start":{"line":36,"column":29},"end":{"line":36,"column":40}}],"line":36},"4":{"loc":{"start":{"line":58,"column":8},"end":{"line":60,"column":9}},"type":"if","locations":[{"start":{"line":58,"column":8},"end":{"line":60,"column":9}},{"start":{},"end":{}}],"line":58},"5":{"loc":{"start":{"line":63,"column":8},"end":{"line":65,"column":103}},"type":"if","locations":[{"start":{"line":63,"column":8},"end":{"line":65,"column":103}},{"start":{"line":65,"column":14},"end":{"line":65,"column":103}}],"line":63}},"s":{"0":9,"1":9,"2":9,"3":9,"4":4,"5":4,"6":5,"7":9,"8":4,"9":4,"10":5,"11":5,"12":0,"13":0,"14":0,"15":0,"16":0,"17":0,"18":0,"19":0,"20":0},"f":{"0":9,"1":0,"2":5,"3":0,"4":0},"b":{"0":[4,5],"1":[9,7],"2":[4,5],"3":[9,7],"4":[0,0],"5":[0,0]},"_coverageSchema":"1a1c01bbd47fc00a2c39e90264f33305004495a9","hash":"0353bd8cb8eac8f8acf9714094ab96e7516c5871"}
,"/home/nicomane/Desktop/Programming/React/DIMA-insuline-calculator/src/utils/localStoreManager.js": {"path":"/home/nicomane/Desktop/Programming/React/DIMA-insuline-calculator/src/utils/localStoreManager.js","statementMap":{"0":{"start":{"line":8,"column":19},"end":{"line":15,"column":1}},"1":{"start":{"line":22,"column":27},"end":{"line":29,"column":1}},"2":{"start":{"line":23,"column":15},"end":{"line":23,"column":40}},"3":{"start":{"line":25,"column":4},"end":{"line":28,"column":27}},"4":{"start":{"line":26,"column":6},"end":{"line":26,"column":18}},"5":{"start":{"line":28,"column":9},"end":{"line":28,"column":27}},"6":{"start":{"line":35,"column":28},"end":{"line":37,"column":1}},"7":{"start":{"line":36,"column":4},"end":{"line":36,"column":51}},"8":{"start":{"line":44,"column":35},"end":{"line":46,"column":1}},"9":{"start":{"line":45,"column":2},"end":{"line":45,"column":55}},"10":{"start":{"line":52,"column":37},"end":{"line":54,"column":1}},"11":{"start":{"line":53,"column":2},"end":{"line":53,"column":55}},"12":{"start":{"line":59,"column":25},"end":{"line":63,"column":1}},"13":{"start":{"line":60,"column":4},"end":{"line":60,"column":50}},"14":{"start":{"line":61,"column":4},"end":{"line":61,"column":51}},"15":{"start":{"line":62,"column":4},"end":{"line":62,"column":31}},"16":{"start":{"line":73,"column":18},"end":{"line":80,"column":3}},"17":{"start":{"line":74,"column":4},"end":{"line":79,"column":5}},"18":{"start":{"line":75,"column":24},"end":{"line":75,"column":45}},"19":{"start":{"line":76,"column":6},"end":{"line":76,"column":48}},"20":{"start":{"line":87,"column":16},"end":{"line":94,"column":3}},"21":{"start":{"line":88,"column":4},"end":{"line":93,"column":5}},"22":{"start":{"line":89,"column":24},"end":{"line":89,"column":55}},"23":{"start":{"line":90,"column":6},"end":{"line":90,"column":62}},"24":{"start":{"line":96,"column":13},"end":{"line":100,"column":1}},"25":{"start":{"line":106,"column":12},"end":{"line":108,"column":5}},"26":{"start":{"line":107,"column":6},"end":{"line":107,"column":27}},"27":{"start":{"line":113,"column":23},"end":{"line":128,"column":5}},"28":{"start":{"line":115,"column":20},"end":{"line":115,"column":82}},"29":{"start":{"line":116,"column":25},"end":{"line":116,"column":41}},"30":{"start":{"line":117,"column":6},"end":{"line":117,"column":78}},"31":{"start":{"line":119,"column":26},"end":{"line":119,"column":46}},"32":{"start":{"line":121,"column":6},"end":{"line":121,"column":81}},"33":{"start":{"line":121,"column":62},"end":{"line":121,"column":81}},"34":{"start":{"line":123,"column":6},"end":{"line":123,"column":39}},"35":{"start":{"line":125,"column":6},"end":{"line":125,"column":43}},"36":{"start":{"line":127,"column":6},"end":{"line":127,"column":32}},"37":{"start":{"line":133,"column":21},"end":{"line":139,"column":5}},"38":{"start":{"line":134,"column":20},"end":{"line":134,"column":82}},"39":{"start":{"line":136,"column":22},"end":{"line":136,"column":42}},"40":{"start":{"line":138,"column":6},"end":{"line":138,"column":21}},"41":{"start":{"line":145,"column":18},"end":{"line":159,"column":5}},"42":{"start":{"line":147,"column":22},"end":{"line":147,"column":59}},"43":{"start":{"line":148,"column":21},"end":{"line":148,"column":56}},"44":{"start":{"line":150,"column":20},"end":{"line":150,"column":66}},"45":{"start":{"line":151,"column":6},"end":{"line":156,"column":7}},"46":{"start":{"line":153,"column":8},"end":{"line":153,"column":42}},"47":{"start":{"line":155,"column":8},"end":{"line":155,"column":24}},"48":{"start":{"line":158,"column":6},"end":{"line":158,"column":22}},"49":{"start":{"line":165,"column":19},"end":{"line":167,"column":5}},"50":{"start":{"line":166,"column":6},"end":{"line":166,"column":53}},"51":{"start":{"line":172,"column":16},"end":{"line":177,"column":5}},"52":{"start":{"line":173,"column":6},"end":{"line":173,"column":52}},"53":{"start":{"line":176,"column":6},"end":{"line":176,"column":33}},"54":{"start":{"line":179,"column":20},"end":{"line":185,"column":5}},"55":{"start":{"line":180,"column":18},"end":{"line":180,"column":46}},"56":{"start":{"line":182,"column":21},"end":{"line":182,"column":39}},"57":{"start":{"line":184,"column":8},"end":{"line":184,"column":20}},"58":{"start":{"line":187,"column":21},"end":{"line":191,"column":5}},"59":{"start":{"line":188,"column":16},"end":{"line":188,"column":44}},"60":{"start":{"line":189,"column":6},"end":{"line":189,"column":32}},"61":{"start":{"line":190,"column":6},"end":{"line":190,"column":51}},"62":{"start":{"line":196,"column":30},"end":{"line":196,"column":48}}},"fnMap":{"0":{"name":"(anonymous_0)","decl":{"start":{"line":22,"column":27},"end":{"line":22,"column":28}},"loc":{"start":{"line":22,"column":38},"end":{"line":29,"column":1}},"line":22},"1":{"name":"(anonymous_1)","decl":{"start":{"line":35,"column":28},"end":{"line":35,"column":29}},"loc":{"start":{"line":35,"column":47},"end":{"line":37,"column":1}},"line":35},"2":{"name":"(anonymous_2)","decl":{"start":{"line":44,"column":35},"end":{"line":44,"column":36}},"loc":{"start":{"line":44,"column":52},"end":{"line":46,"column":1}},"line":44},"3":{"name":"(anonymous_3)","decl":{"start":{"line":52,"column":37},"end":{"line":52,"column":38}},"loc":{"start":{"line":52,"column":48},"end":{"line":54,"column":1}},"line":52},"4":{"name":"(anonymous_4)","decl":{"start":{"line":59,"column":25},"end":{"line":59,"column":26}},"loc":{"start":{"line":59,"column":36},"end":{"line":63,"column":1}},"line":59},"5":{"name":"(anonymous_5)","decl":{"start":{"line":73,"column":18},"end":{"line":73,"column":19}},"loc":{"start":{"line":73,"column":39},"end":{"line":80,"column":3}},"line":73},"6":{"name":"(anonymous_6)","decl":{"start":{"line":87,"column":16},"end":{"line":87,"column":17}},"loc":{"start":{"line":87,"column":31},"end":{"line":94,"column":3}},"line":87},"7":{"name":"(anonymous_7)","decl":{"start":{"line":104,"column":4},"end":{"line":104,"column":5}},"loc":{"start":{"line":104,"column":17},"end":{"line":104,"column":19}},"line":104},"8":{"name":"(anonymous_8)","decl":{"start":{"line":106,"column":12},"end":{"line":106,"column":13}},"loc":{"start":{"line":106,"column":23},"end":{"line":108,"column":5}},"line":106},"9":{"name":"(anonymous_9)","decl":{"start":{"line":113,"column":23},"end":{"line":113,"column":24}},"loc":{"start":{"line":113,"column":61},"end":{"line":128,"column":5}},"line":113},"10":{"name":"(anonymous_10)","decl":{"start":{"line":133,"column":21},"end":{"line":133,"column":22}},"loc":{"start":{"line":133,"column":36},"end":{"line":139,"column":5}},"line":133},"11":{"name":"(anonymous_11)","decl":{"start":{"line":145,"column":18},"end":{"line":145,"column":19}},"loc":{"start":{"line":145,"column":30},"end":{"line":159,"column":5}},"line":145},"12":{"name":"(anonymous_12)","decl":{"start":{"line":165,"column":19},"end":{"line":165,"column":20}},"loc":{"start":{"line":165,"column":38},"end":{"line":167,"column":5}},"line":165},"13":{"name":"(anonymous_13)","decl":{"start":{"line":172,"column":16},"end":{"line":172,"column":17}},"loc":{"start":{"line":172,"column":27},"end":{"line":177,"column":5}},"line":172},"14":{"name":"(anonymous_14)","decl":{"start":{"line":179,"column":20},"end":{"line":179,"column":21}},"loc":{"start":{"line":179,"column":35},"end":{"line":185,"column":5}},"line":179},"15":{"name":"(anonymous_15)","decl":{"start":{"line":187,"column":21},"end":{"line":187,"column":22}},"loc":{"start":{"line":187,"column":42},"end":{"line":191,"column":5}},"line":187}},"branchMap":{"0":{"loc":{"start":{"line":25,"column":4},"end":{"line":28,"column":27}},"type":"if","locations":[{"start":{"line":25,"column":4},"end":{"line":28,"column":27}},{"start":{"line":28,"column":9},"end":{"line":28,"column":27}}],"line":25},"1":{"loc":{"start":{"line":90,"column":13},"end":{"line":90,"column":61}},"type":"cond-expr","locations":[{"start":{"line":90,"column":33},"end":{"line":90,"column":54}},{"start":{"line":90,"column":57},"end":{"line":90,"column":61}}],"line":90},"2":{"loc":{"start":{"line":113,"column":42},"end":{"line":113,"column":57}},"type":"default-arg","locations":[{"start":{"line":113,"column":47},"end":{"line":113,"column":57}}],"line":113},"3":{"loc":{"start":{"line":121,"column":6},"end":{"line":121,"column":81}},"type":"if","locations":[{"start":{"line":121,"column":6},"end":{"line":121,"column":81}},{"start":{},"end":{}}],"line":121},"4":{"loc":{"start":{"line":121,"column":9},"end":{"line":121,"column":59}},"type":"binary-expr","locations":[{"start":{"line":121,"column":9},"end":{"line":121,"column":30}},{"start":{"line":121,"column":33},"end":{"line":121,"column":59}}],"line":121},"5":{"loc":{"start":{"line":151,"column":6},"end":{"line":156,"column":7}},"type":"if","locations":[{"start":{"line":151,"column":6},"end":{"line":156,"column":7}},{"start":{"line":154,"column":11},"end":{"line":156,"column":7}}],"line":151},"6":{"loc":{"start":{"line":151,"column":9},"end":{"line":151,"column":83}},"type":"binary-expr","locations":[{"start":{"line":151,"column":9},"end":{"line":151,"column":25}},{"start":{"line":151,"column":29},"end":{"line":151,"column":50}},{"start":{"line":151,"column":54},"end":{"line":151,"column":83}}],"line":151}},"s":{"0":7,"1":7,"2":0,"3":0,"4":0,"5":0,"6":7,"7":0,"8":7,"9":0,"10":7,"11":0,"12":7,"13":0,"14":0,"15":0,"16":7,"17":6,"18":6,"19":6,"20":7,"21":5,"22":5,"23":5,"24":7,"25":7,"26":0,"27":7,"28":1,"29":1,"30":1,"31":1,"32":1,"33":1,"34":1,"35":1,"36":1,"37":7,"38":2,"39":2,"40":2,"41":7,"42":1,"43":1,"44":1,"45":1,"46":0,"47":1,"48":1,"49":7,"50":1,"51":7,"52":0,"53":0,"54":7,"55":1,"56":1,"57":1,"58":7,"59":4,"60":4,"61":4,"62":7},"f":{"0":0,"1":0,"2":0,"3":0,"4":0,"5":6,"6":5,"7":7,"8":0,"9":1,"10":2,"11":1,"12":1,"13":0,"14":1,"15":4},"b":{"0":[0,0],"1":[3,2],"2":[0],"3":[1,0],"4":[1,0],"5":[0,1],"6":[1,1,1]},"_coverageSchema":"1a1c01bbd47fc00a2c39e90264f33305004495a9","hash":"0f364694cf61bba8177940e775bc07bf85780628"}
,"/home/nicomane/Desktop/Programming/React/DIMA-insuline-calculator/src/utils/testingJsons.js": {"path":"/home/nicomane/Desktop/Programming/React/DIMA-insuline-calculator/src/utils/testingJsons.js","statementMap":{"0":{"start":{"line":1,"column":30},"end":{"line":28,"column":1}},"1":{"start":{"line":30,"column":26},"end":{"line":429,"column":3}}},"fnMap":{},"branchMap":{},"s":{"0":4,"1":4},"f":{},"b":{},"_coverageSchema":"1a1c01bbd47fc00a2c39e90264f33305004495a9","hash":"7b0aab5e75e19ff4dd4071dc13f202ffd8c8b0a1"}
,"/home/nicomane/Desktop/Programming/React/DIMA-insuline-calculator/testHelper/reduxMock.js": {"path":"/home/nicomane/Desktop/Programming/React/DIMA-insuline-calculator/testHelper/reduxMock.js","statementMap":{"0":{"start":{"line":5,"column":19},"end":{"line":5,"column":51}},"1":{"start":{"line":7,"column":27},"end":{"line":7,"column":62}}},"fnMap":{},"branchMap":{},"s":{"0":3,"1":3},"f":{},"b":{},"_coverageSchema":"1a1c01bbd47fc00a2c39e90264f33305004495a9","hash":"0d1d8fa5c73888c0aa7189685db11f33e7a6fa37"}
,"/home/nicomane/Desktop/Programming/React/DIMA-insuline-calculator/testHelper/dataForTest/foods.js": {"path":"/home/nicomane/Desktop/Programming/React/DIMA-insuline-calculator/testHelper/dataForTest/foods.js","statementMap":{"0":{"start":{"line":2,"column":35},"end":{"line":2,"column":460}},"1":{"start":{"line":4,"column":26},"end":{"line":4,"column":258}},"2":{"start":{"line":5,"column":31},"end":{"line":404,"column":5}},"3":{"start":{"line":406,"column":33},"end":{"line":406,"column":35}},"4":{"start":{"line":408,"column":25},"end":{"line":408,"column":27}}},"fnMap":{},"branchMap":{},"s":{"0":7,"1":7,"2":7,"3":7,"4":7},"f":{},"b":{},"_coverageSchema":"1a1c01bbd47fc00a2c39e90264f33305004495a9","hash":"ab84ee864420383174eb240f8fcba24c85eb7fc8"}
}
