TN:
SF:src/assets/barcode.png
FNF:0
FNH:0
DA:1,7
LF:1
LH:1
BRF:0
BRH:0
end_of_record
TN:
SF:src/assets/basket.png
FNF:0
FNH:0
DA:1,7
LF:1
LH:1
BRF:0
BRH:0
end_of_record
TN:
SF:src/assets/bin.png
FNF:0
FNH:0
DA:1,7
LF:1
LH:1
BRF:0
BRH:0
end_of_record
TN:
SF:src/assets/breakfast.png
FNF:0
FNH:0
DA:1,3
LF:1
LH:1
BRF:0
BRH:0
end_of_record
TN:
SF:src/assets/buttonIcons.js
FNF:0
FNH:0
DA:2,7
DA:40,7
LF:2
LH:2
BRF:0
BRH:0
end_of_record
TN:
SF:src/assets/calendar.png
FNF:0
FNH:0
DA:1,7
LF:1
LH:1
BRF:0
BRH:0
end_of_record
TN:
SF:src/assets/calories.png
FNF:0
FNH:0
DA:1,3
LF:1
LH:1
BRF:0
BRH:0
end_of_record
TN:
SF:src/assets/camera.png
FNF:0
FNH:0
DA:1,7
LF:1
LH:1
BRF:0
BRH:0
end_of_record
TN:
SF:src/assets/carbohydrates.png
FNF:0
FNH:0
DA:1,3
LF:1
LH:1
BRF:0
BRH:0
end_of_record
TN:
SF:src/assets/choratio.png
FNF:0
FNH:0
DA:1,7
LF:1
LH:1
BRF:0
BRH:0
end_of_record
TN:
SF:src/assets/close.png
FNF:0
FNH:0
DA:1,7
LF:1
LH:1
BRF:0
BRH:0
end_of_record
TN:
SF:src/assets/defaultDiet.png
FNF:0
FNH:0
DA:1,7
LF:1
LH:1
BRF:0
BRH:0
end_of_record
TN:
SF:src/assets/defaultSport.png
FNF:0
FNH:0
DA:1,7
LF:1
LH:1
BRF:0
BRH:0
end_of_record
TN:
SF:src/assets/delete.png
FNF:0
FNH:0
DA:1,7
LF:1
LH:1
BRF:0
BRH:0
end_of_record
TN:
SF:src/assets/dinner.png
FNF:0
FNH:0
DA:1,3
LF:1
LH:1
BRF:0
BRH:0
end_of_record
TN:
SF:src/assets/dose.png
FNF:0
FNH:0
DA:1,7
LF:1
LH:1
BRF:0
BRH:0
end_of_record
TN:
SF:src/assets/edit.png
FNF:0
FNH:0
DA:1,7
LF:1
LH:1
BRF:0
BRH:0
end_of_record
TN:
SF:src/assets/fat.png
FNF:0
FNH:0
DA:1,3
LF:1
LH:1
BRF:0
BRH:0
end_of_record
TN:
SF:src/assets/female.png
FNF:0
FNH:0
DA:1,7
LF:1
LH:1
BRF:0
BRH:0
end_of_record
TN:
SF:src/assets/fitness.png
FNF:0
FNH:0
DA:1,7
LF:1
LH:1
BRF:0
BRH:0
end_of_record
TN:
SF:src/assets/flash.png
FNF:0
FNH:0
DA:1,7
LF:1
LH:1
BRF:0
BRH:0
end_of_record
TN:
SF:src/assets/glucose.png
FNF:0
FNH:0
DA:1,7
LF:1
LH:1
BRF:0
BRH:0
end_of_record
TN:
SF:src/assets/height.png
FNF:0
FNH:0
DA:1,7
LF:1
LH:1
BRF:0
BRH:0
end_of_record
TN:
SF:src/assets/insuline.png
FNF:0
FNH:0
DA:1,3
LF:1
LH:1
BRF:0
BRH:0
end_of_record
TN:
SF:src/assets/isf.png
FNF:0
FNH:0
DA:1,7
LF:1
LH:1
BRF:0
BRH:0
end_of_record
TN:
SF:src/assets/less.png
FNF:0
FNH:0
DA:1,7
LF:1
LH:1
BRF:0
BRH:0
end_of_record
TN:
SF:src/assets/lunch.png
FNF:0
FNH:0
DA:1,3
LF:1
LH:1
BRF:0
BRH:0
end_of_record
TN:
SF:src/assets/male.png
FNF:0
FNH:0
DA:1,7
LF:1
LH:1
BRF:0
BRH:0
end_of_record
TN:
SF:src/assets/mealIcons.js
FNF:0
FNH:0
DA:3,3
LF:1
LH:1
BRF:0
BRH:0
end_of_record
TN:
SF:src/assets/more.png
FNF:0
FNH:0
DA:1,7
LF:1
LH:1
BRF:0
BRH:0
end_of_record
TN:
SF:src/assets/nonbinary.png
FNF:0
FNH:0
DA:1,7
LF:1
LH:1
BRF:0
BRH:0
end_of_record
TN:
SF:src/assets/ok.png
FNF:0
FNH:0
DA:1,7
LF:1
LH:1
BRF:0
BRH:0
end_of_record
TN:
SF:src/assets/plus.png
FNF:0
FNH:0
DA:1,7
LF:1
LH:1
BRF:0
BRH:0
end_of_record
TN:
SF:src/assets/protein.png
FNF:0
FNH:0
DA:1,3
LF:1
LH:1
BRF:0
BRH:0
end_of_record
TN:
SF:src/assets/return.png
FNF:0
FNH:0
DA:1,7
LF:1
LH:1
BRF:0
BRH:0
end_of_record
TN:
SF:src/assets/running.png
FNF:0
FNH:0
DA:1,7
LF:1
LH:1
BRF:0
BRH:0
end_of_record
TN:
SF:src/assets/search.png
FNF:0
FNH:0
DA:1,7
LF:1
LH:1
BRF:0
BRH:0
end_of_record
TN:
SF:src/assets/settings.png
FNF:0
FNH:0
DA:1,7
LF:1
LH:1
BRF:0
BRH:0
end_of_record
TN:
SF:src/assets/snack.png
FNF:0
FNH:0
DA:1,3
LF:1
LH:1
BRF:0
BRH:0
end_of_record
TN:
SF:src/assets/soccer.png
FNF:0
FNH:0
DA:1,7
LF:1
LH:1
BRF:0
BRH:0
end_of_record
TN:
SF:src/assets/statistics.png
FNF:0
FNH:0
DA:1,7
LF:1
LH:1
BRF:0
BRH:0
end_of_record
TN:
SF:src/assets/swimming.png
FNF:0
FNH:0
DA:1,7
LF:1
LH:1
BRF:0
BRH:0
end_of_record
TN:
SF:src/assets/tennis.png
FNF:0
FNH:0
DA:1,7
LF:1
LH:1
BRF:0
BRH:0
end_of_record
TN:
SF:src/assets/weight.png
FNF:0
FNH:0
DA:1,7
LF:1
LH:1
BRF:0
BRH:0
end_of_record
TN:
SF:src/constants/appAspect.js
FNF:0
FNH:0
DA:5,7
DA:14,7
DA:17,7
DA:19,7
LF:4
LH:4
BRF:0
BRH:0
end_of_record
TN:
SF:src/constants/localStorageKeys.js
FNF:0
FNH:0
DA:2,7
LF:1
LH:1
BRF:0
BRH:0
end_of_record
TN:
SF:src/constants/reducers.js
FNF:0
FNH:0
DA:1,9
DA:13,9
LF:2
LH:2
BRF:0
BRH:0
end_of_record
TN:
SF:src/constants/registrationSteps.js
FNF:0
FNH:0
DA:1,6
DA:9,6
DA:27,6
LF:3
LH:3
BRF:0
BRH:0
end_of_record
TN:
SF:src/constants/states.js
FNF:0
FNH:0
DA:1,9
DA:8,9
DA:14,9
LF:3
LH:3
BRF:0
BRH:0
end_of_record
TN:
SF:src/customComponents/PopUp.js
FN:15,(anonymous_0)
FN:44,(anonymous_1)
FN:56,(anonymous_2)
FN:70,(anonymous_3)
FN:75,(anonymous_4)
FN:78,(anonymous_5)
FN:84,(anonymous_6)
FN:92,(anonymous_7)
FN:102,(anonymous_8)
FN:109,(anonymous_9)
FN:115,(anonymous_10)
FN:126,(anonymous_11)
FN:133,(anonymous_12)
FN:143,(anonymous_13)
FN:149,(anonymous_14)
FN:155,(anonymous_15)
FN:167,(anonymous_16)
FN:180,(anonymous_17)
FN:190,(anonymous_18)
FN:265,(anonymous_19)
FNF:20
FNH:4
FNDA:3,(anonymous_0)
FNDA:0,(anonymous_1)
FNDA:0,(anonymous_2)
FNDA:0,(anonymous_3)
FNDA:3,(anonymous_4)
FNDA:0,(anonymous_5)
FNDA:0,(anonymous_6)
FNDA:0,(anonymous_7)
FNDA:0,(anonymous_8)
FNDA:0,(anonymous_9)
FNDA:0,(anonymous_10)
FNDA:0,(anonymous_11)
FNDA:0,(anonymous_12)
FNDA:0,(anonymous_13)
FNDA:0,(anonymous_14)
FNDA:0,(anonymous_15)
FNDA:0,(anonymous_16)
FNDA:0,(anonymous_17)
FNDA:1,(anonymous_18)
FNDA:2,(anonymous_19)
DA:12,2
DA:15,2
DA:28,3
DA:29,3
DA:30,3
DA:31,3
DA:32,3
DA:33,3
DA:34,3
DA:39,3
DA:40,1
DA:44,3
DA:45,0
DA:52,0
DA:56,3
DA:58,0
DA:59,0
DA:60,0
DA:62,0
DA:63,0
DA:64,0
DA:66,0
DA:70,0
DA:75,3
DA:76,3
DA:78,0
DA:84,0
DA:92,0
DA:102,0
DA:109,0
DA:115,0
DA:126,0
DA:133,3
DA:134,0
DA:143,3
DA:146,0
DA:149,0
DA:155,0
DA:167,0
DA:173,3
DA:181,0
DA:190,1
DA:200,2
DA:265,2
DA:266,2
LF:45
LH:22
BRDA:17,0,0,0
BRDA:18,1,0,0
BRDA:22,2,0,1
BRDA:23,3,0,1
BRDA:24,4,0,1
BRDA:25,5,0,0
BRDA:39,6,0,1
BRDA:39,6,1,2
BRDA:59,7,0,0
BRDA:59,7,1,0
BRDA:59,8,0,0
BRDA:59,8,1,0
BRDA:63,9,0,0
BRDA:63,9,1,0
BRDA:76,10,0,1
BRDA:76,10,1,2
BRDA:160,11,0,0
BRDA:160,11,1,0
BRDA:162,12,0,0
BRDA:162,12,1,0
BRDA:185,13,0,3
BRDA:185,13,1,0
BRDA:186,14,0,0
BRDA:186,14,1,0
BRDA:265,15,0,2
BRF:25
BRH:9
end_of_record
TN:
SF:src/customComponents/activityChart.js
FN:20,(anonymous_0)
FN:21,(anonymous_1)
FN:35,(anonymous_2)
FNF:3
FNH:0
FNDA:0,(anonymous_0)
FNDA:0,(anonymous_1)
FNDA:0,(anonymous_2)
DA:9,1
DA:11,1
DA:14,1
DA:20,0
DA:21,0
DA:35,1
DA:43,0
DA:57,0
DA:70,1
LF:9
LH:5
BRDA:20,0,0,0
BRDA:21,1,0,0
BRF:2
BRH:0
end_of_record
TN:
SF:src/customComponents/calendarPicker.js
FN:9,(anonymous_0)
FN:9,(anonymous_1)
FN:14,(anonymous_2)
FN:18,(anonymous_3)
FN:20,(anonymous_4)
FN:23,(anonymous_5)
FN:33,(anonymous_6)
FN:40,(anonymous_7)
FNF:8
FNH:4
FNDA:3,(anonymous_0)
FNDA:0,(anonymous_1)
FNDA:2,(anonymous_2)
FNDA:0,(anonymous_3)
FNDA:0,(anonymous_4)
FNDA:1,(anonymous_5)
FNDA:2,(anonymous_6)
FNDA:0,(anonymous_7)
DA:9,2
DA:11,3
DA:12,3
DA:14,3
DA:15,2
DA:18,3
DA:19,0
DA:20,0
DA:23,3
DA:24,1
DA:33,3
DA:34,2
DA:40,3
DA:42,0
DA:44,0
DA:45,0
DA:47,0
DA:48,0
DA:51,3
DA:64,2
LF:20
LH:13
BRDA:9,0,0,2
BRDA:9,1,0,0
BRDA:58,2,0,1
BRDA:58,2,1,2
BRF:4
BRH:3
end_of_record
TN:
SF:src/customComponents/customButton.js
FN:8,(anonymous_0)
FNF:1
FNH:1
FNDA:12,(anonymous_0)
DA:8,5
DA:16,12
DA:29,5
LF:3
LH:3
BRDA:10,0,0,0
BRDA:12,1,0,10
BRDA:13,2,0,7
BRDA:19,3,0,10
BRDA:19,3,1,2
BRDA:20,4,0,2
BRDA:20,4,1,10
BRDA:22,5,0,2
BRDA:22,5,1,10
BRF:9
BRH:8
end_of_record
TN:
SF:src/customComponents/customImageButton.js
FN:9,(anonymous_0)
FNF:1
FNH:1
FNDA:17,(anonymous_0)
DA:9,7
DA:18,17
DA:28,7
LF:3
LH:3
BRDA:11,0,0,11
BRDA:12,1,0,0
BRDA:15,2,0,13
BRDA:20,3,0,1
BRDA:20,3,1,16
BRDA:20,4,0,5
BRDA:20,4,1,11
BRDA:20,5,0,16
BRDA:20,5,1,14
BRDA:20,5,2,14
BRDA:20,5,3,13
BRDA:20,5,4,12
BRF:12
BRH:11
end_of_record
TN:
SF:src/customComponents/glycemiaChart.js
FN:20,(anonymous_0)
FN:21,(anonymous_1)
FN:35,(anonymous_2)
FNF:3
FNH:0
FNDA:0,(anonymous_0)
FNDA:0,(anonymous_1)
FNDA:0,(anonymous_2)
DA:9,2
DA:11,2
DA:14,2
DA:20,0
DA:21,0
DA:35,2
DA:40,0
DA:44,0
DA:46,0
DA:61,2
LF:10
LH:5
BRDA:20,0,0,0
BRDA:21,1,0,0
BRF:2
BRH:0
end_of_record
TN:
SF:src/customComponents/macroChart.js
FN:17,(anonymous_0)
FN:18,(anonymous_1)
FN:41,(anonymous_2)
FN:45,(anonymous_3)
FNF:4
FNH:0
FNDA:0,(anonymous_0)
FNDA:0,(anonymous_1)
FNDA:0,(anonymous_2)
FNDA:0,(anonymous_3)
DA:8,2
DA:10,2
DA:12,2
DA:17,0
DA:18,0
DA:41,2
DA:42,0
DA:45,2
DA:47,0
DA:48,0
DA:49,0
DA:51,0
DA:57,0
DA:72,2
LF:14
LH:6
BRDA:17,0,0,0
BRDA:18,1,0,0
BRDA:42,2,0,0
BRDA:42,2,1,0
BRDA:47,3,0,0
BRDA:47,3,1,0
BRDA:48,4,0,0
BRDA:48,4,1,0
BRDA:49,5,0,0
BRDA:49,5,1,0
BRF:10
BRH:0
end_of_record
TN:
SF:src/customComponents/sportChart.js
FN:27,(anonymous_0)
FN:28,(anonymous_1)
FN:40,(anonymous_2)
FNF:3
FNH:0
FNDA:0,(anonymous_0)
FNDA:0,(anonymous_1)
FNDA:0,(anonymous_2)
DA:9,1
DA:11,1
DA:13,1
DA:21,1
DA:27,0
DA:28,0
DA:40,1
DA:48,0
DA:57,0
DA:71,1
LF:10
LH:6
BRDA:27,0,0,0
BRDA:28,1,0,0
BRF:2
BRH:0
end_of_record
TN:
SF:src/customComponents/containers/inputsBlock.js
FN:6,(anonymous_0)
FNF:1
FNH:1
FNDA:3,(anonymous_0)
DA:6,1
DA:8,3
DA:21,1
LF:3
LH:3
BRF:0
BRH:0
end_of_record
TN:
SF:src/customComponents/containers/inputsContainer.js
FN:5,(anonymous_0)
FNF:1
FNH:1
FNDA:1,(anonymous_0)
DA:5,1
DA:7,1
DA:18,1
LF:3
LH:3
BRF:0
BRH:0
end_of_record
TN:
SF:src/customComponents/containers/marginContainer.js
FN:4,(anonymous_0)
FNF:1
FNH:1
FNDA:4,(anonymous_0)
DA:4,1
DA:6,4
DA:13,1
LF:3
LH:3
BRDA:4,0,0,4
BRDA:4,1,0,4
BRF:2
BRH:2
end_of_record
TN:
SF:src/customComponents/containers/waitLoading.js
FN:4,(anonymous_0)
FN:13,(anonymous_1)
FNF:2
FNH:2
FNDA:4,(anonymous_0)
FNDA:2,(anonymous_1)
DA:4,3
DA:6,4
DA:9,4
DA:13,4
DA:14,2
DA:17,4
DA:25,3
LF:7
LH:7
BRDA:4,0,0,0
BRDA:4,1,0,4
BRDA:4,2,0,4
BRDA:9,3,0,4
BRDA:9,3,1,0
BRDA:19,4,0,2
BRDA:19,4,1,2
BRF:7
BRH:5
end_of_record
TN:
SF:src/pages/diary/meal.js
FN:26,(anonymous_0)
FN:45,(anonymous_1)
FN:74,(anonymous_2)
FN:80,(anonymous_3)
FN:86,(anonymous_4)
FN:88,(anonymous_5)
FN:90,(anonymous_6)
FN:96,(anonymous_7)
FN:105,(anonymous_8)
FN:115,(anonymous_9)
FN:120,(anonymous_10)
FN:124,(anonymous_11)
FN:127,(anonymous_12)
FN:131,(anonymous_13)
FN:135,(anonymous_14)
FN:137,(anonymous_15)
FN:196,(anonymous_16)
FNF:17
FNH:10
FNDA:5,(anonymous_0)
FNDA:5,(anonymous_1)
FNDA:1,(anonymous_2)
FNDA:1,(anonymous_3)
FNDA:1,(anonymous_4)
FNDA:1,(anonymous_5)
FNDA:0,(anonymous_6)
FNDA:0,(anonymous_7)
FNDA:0,(anonymous_8)
FNDA:1,(anonymous_9)
FNDA:0,(anonymous_10)
FNDA:0,(anonymous_11)
FNDA:0,(anonymous_12)
FNDA:0,(anonymous_13)
FNDA:1,(anonymous_14)
FNDA:1,(anonymous_15)
FNDA:4,(anonymous_16)
DA:26,1
DA:29,5
DA:30,5
DA:31,5
DA:33,5
DA:35,5
DA:36,5
DA:45,5
DA:47,5
DA:49,5
DA:50,5
DA:51,5
DA:54,0
DA:57,0
DA:58,0
DA:59,0
DA:60,0
DA:63,0
DA:64,0
DA:65,0
DA:66,0
DA:71,5
DA:74,5
DA:76,1
DA:78,1
DA:80,5
DA:81,1
DA:83,1
DA:86,5
DA:87,1
DA:88,1
DA:90,5
DA:92,0
DA:95,5
DA:96,5
DA:97,0
DA:105,5
DA:106,0
DA:115,5
DA:116,1
DA:120,0
DA:124,0
DA:127,0
DA:131,0
DA:135,1
DA:137,1
DA:145,5
DA:196,1
DA:198,4
LF:49
LH:33
BRDA:26,0,0,0
BRDA:26,1,0,0
BRDA:47,2,0,5
BRDA:47,2,1,0
BRDA:185,3,0,1
BRDA:185,3,1,4
BRDA:196,4,0,4
BRF:7
BRH:4
end_of_record
TN:
SF:src/pages/diary/mealDiary.js
FN:31,(anonymous_0)
FN:32,(anonymous_1)
FN:55,(anonymous_2)
FN:73,(anonymous_3)
FN:117,(anonymous_4)
FNF:5
FNH:1
FNDA:0,(anonymous_0)
FNDA:0,(anonymous_1)
FNDA:1,(anonymous_2)
FNDA:0,(anonymous_3)
FNDA:0,(anonymous_4)
DA:20,1
DA:21,1
DA:26,1
DA:31,0
DA:32,0
DA:55,1
DA:57,1
DA:58,1
DA:60,1
DA:62,1
DA:63,1
DA:64,1
DA:68,1
DA:73,1
DA:75,0
DA:76,0
DA:81,1
DA:117,1
DA:118,0
LF:19
LH:14
BRDA:31,0,0,0
BRDA:32,1,0,0
BRDA:70,2,0,1
BRDA:70,2,1,0
BRDA:70,3,0,1
BRDA:70,3,1,0
BRDA:70,4,0,1
BRDA:70,4,1,0
BRDA:117,5,0,0
BRF:9
BRH:3
end_of_record
TN:
SF:src/pages/diary/style.js
FNF:0
FNH:0
LF:0
LH:0
BRF:0
BRH:0
end_of_record
TN:
SF:src/pages/foodSearch/food.js
FN:13,(anonymous_0)
FN:31,(anonymous_1)
FN:36,(anonymous_2)
FN:38,(anonymous_3)
FN:47,(anonymous_4)
FN:51,(anonymous_5)
FN:57,(anonymous_6)
FN:68,(anonymous_7)
FN:83,(anonymous_8)
FNF:9
FNH:8
FNDA:5,(anonymous_0)
FNDA:1,(anonymous_1)
FNDA:1,(anonymous_2)
FNDA:1,(anonymous_3)
FNDA:1,(anonymous_4)
FNDA:0,(anonymous_5)
FNDA:1,(anonymous_6)
FNDA:1,(anonymous_7)
FNDA:1,(anonymous_8)
DA:11,4
DA:13,4
DA:16,5
DA:17,5
DA:18,5
DA:19,5
DA:20,5
DA:21,3
DA:24,2
DA:27,5
DA:28,5
DA:31,5
DA:32,1
DA:33,1
DA:34,1
DA:36,5
DA:37,1
DA:38,1
DA:39,1
DA:40,1
DA:47,5
DA:48,1
DA:49,1
DA:51,5
DA:52,0
DA:53,0
DA:57,5
DA:58,1
DA:60,1
DA:68,1
DA:77,5
DA:78,5
DA:79,5
DA:83,1
DA:106,4
LF:35
LH:33
BRDA:13,0,0,2
BRDA:13,1,0,5
BRDA:13,2,0,5
BRDA:20,3,0,3
BRDA:20,3,1,2
BRDA:27,4,0,0
BRDA:27,4,1,5
BRDA:28,5,0,0
BRDA:28,5,1,5
BRDA:39,6,0,1
BRDA:39,6,1,0
BRDA:68,7,0,0
BRDA:68,7,1,1
BRDA:83,8,0,0
BRDA:83,8,1,1
BRDA:86,9,0,3
BRDA:86,9,1,2
BRDA:89,10,0,1
BRDA:89,10,1,4
BRDA:89,11,0,5
BRDA:89,11,1,1
BRDA:95,12,0,0
BRDA:95,12,1,5
BRDA:95,13,0,5
BRDA:95,13,1,0
BRDA:95,14,0,0
BRDA:95,14,1,5
BRDA:95,15,0,5
BRDA:95,15,1,0
BRDA:95,16,0,5
BRDA:95,16,1,5
BRDA:97,17,0,0
BRDA:97,17,1,5
BRDA:97,18,0,5
BRDA:97,18,1,3
BRDA:97,19,0,3
BRDA:97,19,1,2
BRDA:97,20,0,5
BRDA:97,20,1,3
BRF:39
BRH:29
end_of_record
TN:
SF:src/pages/foodSearch/foodDetails.js
FN:29,(anonymous_0)
FN:59,(anonymous_1)
FN:89,(anonymous_2)
FN:94,(anonymous_3)
FN:124,(anonymous_4)
FN:129,(anonymous_5)
FN:140,(anonymous_6)
FN:153,(anonymous_7)
FN:156,(anonymous_8)
FN:177,(anonymous_9)
FN:195,(anonymous_10)
FN:199,(anonymous_11)
FN:249,(anonymous_12)
FN:267,(anonymous_13)
FNF:14
FNH:8
FNDA:13,(anonymous_0)
FNDA:3,(anonymous_1)
FNDA:3,(anonymous_2)
FNDA:2,(anonymous_3)
FNDA:0,(anonymous_4)
FNDA:0,(anonymous_5)
FNDA:1,(anonymous_6)
FNDA:1,(anonymous_7)
FNDA:1,(anonymous_8)
FNDA:3,(anonymous_9)
FNDA:0,(anonymous_10)
FNDA:0,(anonymous_11)
FNDA:0,(anonymous_12)
FNDA:0,(anonymous_13)
DA:26,2
DA:27,2
DA:29,2
DA:31,13
DA:33,13
DA:34,13
DA:36,13
DA:37,13
DA:38,13
DA:39,13
DA:40,13
DA:41,13
DA:42,13
DA:44,13
DA:46,13
DA:48,13
DA:50,13
DA:51,13
DA:53,13
DA:55,13
DA:56,13
DA:59,13
DA:61,3
DA:64,3
DA:65,3
DA:66,3
DA:67,3
DA:69,3
DA:71,3
DA:73,3
DA:74,3
DA:75,3
DA:76,3
DA:78,3
DA:79,3
DA:80,1
DA:81,1
DA:83,2
DA:85,3
DA:89,13
DA:90,3
DA:91,3
DA:94,13
DA:95,2
DA:96,2
DA:109,2
DA:111,2
DA:112,1
DA:113,1
DA:115,1
DA:119,2
DA:120,0
DA:124,0
DA:129,13
DA:130,0
DA:132,0
DA:133,0
DA:134,0
DA:136,0
DA:137,0
DA:140,13
DA:143,1
DA:144,0
DA:146,1
DA:147,1
DA:149,1
DA:150,1
DA:153,13
DA:154,1
DA:157,1
DA:169,1
DA:175,13
DA:177,13
DA:178,3
DA:195,0
DA:200,0
DA:249,0
DA:259,13
DA:267,2
DA:269,0
LF:80
LH:67
BRDA:50,0,0,5
BRDA:50,0,1,8
BRDA:51,1,0,5
BRDA:51,1,1,8
BRDA:53,2,0,5
BRDA:53,2,1,8
BRDA:56,3,0,5
BRDA:56,3,1,8
BRDA:66,4,0,0
BRDA:66,4,1,3
BRDA:74,5,0,1
BRDA:74,5,1,2
BRDA:79,6,0,1
BRDA:79,6,1,2
BRDA:95,7,0,2
BRDA:95,7,1,0
BRDA:111,8,0,1
BRDA:111,8,1,1
BRDA:132,9,0,0
BRDA:132,9,1,0
BRDA:140,10,0,0
BRDA:140,11,0,0
BRDA:143,12,0,0
BRDA:143,12,1,1
BRDA:184,13,0,3
BRDA:184,13,1,0
BRDA:188,14,0,1
BRDA:188,14,1,2
BRDA:262,15,0,10
BRDA:262,15,1,3
BRDA:267,16,0,0
BRF:31
BRH:22
end_of_record
TN:
SF:src/pages/foodSearch/foodSearch.js
FN:12,(anonymous_0)
FN:21,(anonymous_1)
FN:28,(anonymous_2)
FN:32,(anonymous_3)
FN:51,(anonymous_4)
FN:57,(anonymous_5)
FN:70,(anonymous_6)
FN:73,(anonymous_7)
FNF:8
FNH:6
FNDA:2,(anonymous_0)
FNDA:1,(anonymous_1)
FNDA:0,(anonymous_2)
FNDA:1,(anonymous_3)
FNDA:1,(anonymous_4)
FNDA:0,(anonymous_5)
FNDA:1,(anonymous_6)
FNDA:1,(anonymous_7)
DA:10,1
DA:12,1
DA:14,2
DA:15,2
DA:16,2
DA:17,2
DA:19,2
DA:21,2
DA:22,1
DA:24,1
DA:27,2
DA:28,2
DA:32,2
DA:34,1
DA:37,1
DA:38,1
DA:39,0
DA:43,0
DA:46,0
DA:51,2
DA:52,1
DA:58,0
DA:63,2
DA:70,1
DA:73,1
LF:25
LH:21
BRDA:78,0,0,1
BRDA:78,0,1,1
BRF:2
BRH:2
end_of_record
TN:
SF:src/pages/foodSearch/macroTable.js
FN:6,(anonymous_0)
FN:16,(anonymous_1)
FN:26,(anonymous_2)
FN:48,(anonymous_3)
FN:56,(anonymous_4)
FNF:5
FNH:5
FNDA:18,(anonymous_0)
FNDA:18,(anonymous_1)
FNDA:18,(anonymous_2)
FNDA:3,(anonymous_3)
FNDA:18,(anonymous_4)
DA:4,2
DA:6,2
DA:8,18
DA:9,18
DA:11,18
DA:12,18
DA:17,18
DA:18,18
DA:26,2
DA:28,18
DA:29,18
DA:37,2
DA:48,2
DA:51,3
DA:52,3
DA:57,18
DA:58,18
DA:65,2
LF:18
LH:18
BRF:0
BRH:0
end_of_record
TN:
SF:src/pages/foodSearch/style.js
FNF:0
FNH:0
DA:6,3
DA:7,3
LF:2
LH:2
BRF:0
BRH:0
end_of_record
TN:
SF:src/pages/home/home.js
FN:26,(anonymous_0)
FN:27,(anonymous_1)
FN:60,(anonymous_2)
FN:70,(anonymous_3)
FN:80,(anonymous_4)
FN:103,(anonymous_5)
FN:110,(anonymous_6)
FN:121,(anonymous_7)
FN:151,(anonymous_8)
FNF:9
FNH:7
FNDA:0,(anonymous_0)
FNDA:0,(anonymous_1)
FNDA:3,(anonymous_2)
FNDA:2,(anonymous_3)
FNDA:2,(anonymous_4)
FNDA:1,(anonymous_5)
FNDA:1,(anonymous_6)
FNDA:1,(anonymous_7)
FNDA:2,(anonymous_8)
DA:16,1
DA:17,1
DA:20,1
DA:26,0
DA:27,0
DA:42,1
DA:51,1
DA:60,1
DA:62,3
DA:64,3
DA:66,3
DA:67,3
DA:70,3
DA:71,2
DA:72,1
DA:74,1
DA:80,3
DA:81,2
DA:103,1
DA:110,1
DA:121,1
DA:141,3
DA:151,1
DA:152,2
LF:24
LH:22
BRDA:26,0,0,0
BRDA:27,1,0,0
BRDA:67,2,0,3
BRDA:67,2,1,3
BRDA:71,3,0,1
BRDA:71,3,1,1
BRDA:89,4,0,0
BRDA:89,4,1,2
BRDA:144,5,0,2
BRDA:144,5,1,1
BRDA:151,6,0,2
BRF:11
BRH:8
end_of_record
TN:
SF:src/pages/home/style.js
FNF:0
FNH:0
DA:5,1
LF:1
LH:1
BRF:0
BRH:0
end_of_record
TN:
SF:src/stateManager/reduxStates/actions/macroTracker.js
FN:8,(anonymous_0)
FN:8,(anonymous_1)
FN:23,(anonymous_2)
FN:23,(anonymous_3)
FN:33,(anonymous_4)
FN:33,(anonymous_5)
FN:41,(anonymous_6)
FN:41,(anonymous_7)
FN:48,(anonymous_8)
FN:48,(anonymous_9)
FN:56,(anonymous_10)
FN:64,(anonymous_11)
FN:64,(anonymous_12)
FN:97,(anonymous_13)
FN:97,(anonymous_14)
FNF:15
FNH:9
FNDA:3,(anonymous_0)
FNDA:3,(anonymous_1)
FNDA:1,(anonymous_2)
FNDA:1,(anonymous_3)
FNDA:2,(anonymous_4)
FNDA:1,(anonymous_5)
FNDA:0,(anonymous_6)
FNDA:0,(anonymous_7)
FNDA:1,(anonymous_8)
FNDA:1,(anonymous_9)
FNDA:2,(anonymous_10)
FNDA:0,(anonymous_11)
FNDA:0,(anonymous_12)
FNDA:0,(anonymous_13)
FNDA:0,(anonymous_14)
DA:8,5
DA:10,3
DA:13,3
DA:15,3
DA:18,3
DA:19,3
DA:23,5
DA:25,1
DA:30,1
DA:33,5
DA:34,1
DA:38,1
DA:41,5
DA:42,0
DA:46,0
DA:48,5
DA:49,1
DA:53,1
DA:56,5
DA:57,2
DA:64,5
DA:67,0
DA:68,0
DA:69,0
DA:71,0
DA:73,0
DA:75,0
DA:78,0
DA:80,0
DA:81,0
DA:82,0
DA:85,0
DA:86,0
DA:91,0
DA:97,5
DA:99,0
DA:100,0
DA:101,0
DA:106,0
LF:39
LH:20
BRDA:69,0,0,0
BRDA:69,0,1,0
BRDA:78,1,0,0
BRDA:78,1,1,0
BRDA:85,2,0,0
BRDA:85,2,1,0
BRF:6
BRH:0
end_of_record
TN:
SF:src/stateManager/reduxStates/actions/userAction.js
FN:18,(anonymous_0)
FN:18,(anonymous_1)
FN:18,(anonymous_2)
FN:59,(anonymous_3)
FN:59,(anonymous_4)
FN:79,(anonymous_5)
FN:89,(anonymous_6)
FN:89,(anonymous_7)
FN:120,(anonymous_8)
FN:120,(anonymous_9)
FN:120,(anonymous_10)
FN:143,(anonymous_11)
FN:143,(anonymous_12)
FN:169,(anonymous_13)
FN:169,(anonymous_14)
FN:215,(anonymous_15)
FN:215,(anonymous_16)
FN:232,(anonymous_17)
FN:232,(anonymous_18)
FN:258,(anonymous_19)
FN:258,(anonymous_20)
FNF:21
FNH:0
FNDA:0,(anonymous_0)
FNDA:0,(anonymous_1)
FNDA:0,(anonymous_2)
FNDA:0,(anonymous_3)
FNDA:0,(anonymous_4)
FNDA:0,(anonymous_5)
FNDA:0,(anonymous_6)
FNDA:0,(anonymous_7)
FNDA:0,(anonymous_8)
FNDA:0,(anonymous_9)
FNDA:0,(anonymous_10)
FNDA:0,(anonymous_11)
FNDA:0,(anonymous_12)
FNDA:0,(anonymous_13)
FNDA:0,(anonymous_14)
FNDA:0,(anonymous_15)
FNDA:0,(anonymous_16)
FNDA:0,(anonymous_17)
FNDA:0,(anonymous_18)
FNDA:0,(anonymous_19)
FNDA:0,(anonymous_20)
DA:18,2
DA:23,0
DA:25,0
DA:26,0
DA:27,0
DA:29,0
DA:31,0
DA:34,0
DA:35,0
DA:36,0
DA:38,0
DA:39,0
DA:42,0
DA:45,0
DA:47,0
DA:59,2
DA:61,0
DA:63,0
DA:64,0
DA:70,0
DA:72,0
DA:79,2
DA:82,0
DA:89,2
DA:93,0
DA:95,0
DA:99,0
DA:102,0
DA:105,0
DA:120,2
DA:123,0
DA:127,0
DA:128,0
DA:130,0
DA:131,0
DA:134,0
DA:139,0
DA:143,2
DA:146,0
DA:147,0
DA:149,0
DA:150,0
DA:153,0
DA:154,0
DA:157,0
DA:159,0
DA:161,0
DA:169,2
DA:172,0
DA:175,0
DA:176,0
DA:179,0
DA:186,0
DA:188,0
DA:190,0
DA:193,0
DA:195,0
DA:196,0
DA:197,0
DA:198,0
DA:206,0
DA:215,2
DA:218,0
DA:221,0
DA:232,2
DA:234,0
DA:237,0
DA:240,0
DA:241,0
DA:244,0
DA:247,0
DA:253,0
DA:258,2
DA:260,0
DA:261,0
LF:75
LH:10
BRDA:18,0,0,0
BRDA:18,1,0,0
BRDA:25,2,0,0
BRDA:25,2,1,0
BRDA:27,3,0,0
BRDA:27,3,1,0
BRDA:120,4,0,0
BRDA:128,5,0,0
BRDA:128,5,1,0
BRDA:149,6,0,0
BRDA:149,6,1,0
BRDA:175,7,0,0
BRDA:175,7,1,0
BRDA:197,8,0,0
BRDA:197,8,1,0
BRF:15
BRH:0
end_of_record
TN:
SF:src/stateManager/reduxStates/reducers/index.js
FNF:0
FNH:0
DA:5,3
LF:1
LH:1
BRF:0
BRH:0
end_of_record
TN:
SF:src/stateManager/reduxStates/reducers/macroTracker.js
FN:52,(anonymous_0)
FN:67,(anonymous_1)
FN:86,(anonymous_2)
FN:106,(anonymous_3)
FN:125,(anonymous_4)
FN:142,(anonymous_5)
FN:152,(anonymous_6)
FN:164,(anonymous_7)
FN:186,(anonymous_8)
FN:215,(anonymous_9)
FN:249,(anonymous_10)
FN:275,(anonymous_11)
FN:285,(anonymous_12)
FN:296,(anonymous_13)
FN:310,(anonymous_14)
FNF:15
FNH:12
FNDA:0,(anonymous_0)
FNDA:8,(anonymous_1)
FNDA:8,(anonymous_2)
FNDA:2,(anonymous_3)
FNDA:2,(anonymous_4)
FNDA:5,(anonymous_5)
FNDA:20,(anonymous_6)
FNDA:5,(anonymous_7)
FNDA:2,(anonymous_8)
FNDA:2,(anonymous_9)
FNDA:1,(anonymous_10)
FNDA:0,(anonymous_11)
FNDA:1,(anonymous_12)
FNDA:0,(anonymous_13)
FNDA:20,(anonymous_14)
DA:6,9
DA:9,9
DA:52,9
DA:53,0
DA:57,0
DA:58,0
DA:67,9
DA:69,8
DA:71,8
DA:72,8
DA:73,8
DA:74,8
DA:76,8
DA:78,8
DA:86,9
DA:88,8
DA:91,8
DA:92,8
DA:93,8
DA:94,8
DA:96,8
DA:97,8
DA:106,9
DA:108,2
DA:110,2
DA:111,2
DA:113,2
DA:116,2
DA:118,2
DA:119,2
DA:120,2
DA:122,2
DA:125,9
DA:126,2
DA:129,2
DA:130,2
DA:131,2
DA:133,2
DA:134,2
DA:135,2
DA:137,2
DA:142,9
DA:144,5
DA:146,5
DA:147,5
DA:149,5
DA:152,5
DA:153,20
DA:154,20
DA:155,20
DA:156,20
DA:157,4
DA:159,16
DA:164,20
DA:166,5
DA:168,5
DA:171,5
DA:172,5
DA:174,5
DA:178,5
DA:186,9
DA:188,2
DA:190,2
DA:192,2
DA:195,2
DA:198,2
DA:199,2
DA:202,2
DA:203,2
DA:204,2
DA:207,2
DA:212,2
DA:215,9
DA:216,2
DA:218,2
DA:221,2
DA:225,2
DA:226,2
DA:228,2
DA:229,2
DA:230,2
DA:235,2
DA:236,2
DA:239,2
DA:240,2
DA:242,2
DA:246,2
DA:249,9
DA:251,1
DA:252,1
DA:256,1
DA:259,1
DA:261,1
DA:262,1
DA:264,1
DA:267,1
DA:275,9
DA:276,0
DA:285,9
DA:287,1
DA:289,1
DA:291,1
DA:293,1
DA:296,9
DA:297,0
DA:299,0
DA:300,0
DA:301,0
DA:302,0
DA:306,0
DA:310,9
DA:311,20
DA:313,2
DA:315,2
DA:317,2
DA:319,0
DA:321,0
DA:323,2
DA:325,1
DA:327,1
DA:329,0
DA:331,10
LF:122
LH:109
BRDA:142,0,0,0
BRDA:153,1,0,0
BRDA:153,1,1,20
BRDA:156,2,0,4
BRDA:156,2,1,16
BRDA:168,3,0,5
BRDA:168,3,1,0
BRDA:198,4,0,2
BRDA:198,4,1,0
BRDA:198,5,0,2
BRDA:198,5,1,0
BRDA:225,6,0,2
BRDA:225,6,1,0
BRDA:225,7,0,2
BRDA:225,7,1,0
BRDA:259,8,0,1
BRDA:259,8,1,0
BRDA:259,9,0,1
BRDA:259,9,1,0
BRDA:300,10,0,0
BRDA:300,10,1,0
BRDA:301,11,0,0
BRDA:301,11,1,0
BRDA:310,12,0,9
BRDA:311,13,0,2
BRDA:311,13,1,2
BRDA:311,13,2,2
BRDA:311,13,3,0
BRDA:311,13,4,0
BRDA:311,13,5,2
BRDA:311,13,6,1
BRDA:311,13,7,1
BRDA:311,13,8,0
BRDA:311,13,9,10
BRF:34
BRH:18
end_of_record
TN:
SF:src/stateManager/reduxStates/reducers/userReducer.js
FN:26,(anonymous_0)
FN:39,(anonymous_1)
FN:43,(anonymous_2)
FN:50,(anonymous_3)
FN:60,(anonymous_4)
FN:75,(anonymous_5)
FN:83,(anonymous_6)
FN:92,(anonymous_7)
FNF:8
FNH:5
FNDA:2,(anonymous_0)
FNDA:0,(anonymous_1)
FNDA:1,(anonymous_2)
FNDA:0,(anonymous_3)
FNDA:1,(anonymous_4)
FNDA:1,(anonymous_5)
FNDA:0,(anonymous_6)
FNDA:17,(anonymous_7)
DA:5,4
DA:26,4
DA:27,2
DA:29,2
DA:31,2
DA:32,2
DA:33,2
DA:34,2
DA:36,2
DA:39,4
DA:43,4
DA:44,1
DA:46,1
DA:50,4
DA:51,0
DA:53,0
DA:54,0
DA:55,0
DA:57,0
DA:60,4
DA:61,1
DA:63,1
DA:65,1
DA:67,1
DA:69,1
DA:72,1
DA:75,4
DA:76,1
DA:78,1
DA:80,1
DA:83,4
DA:84,0
DA:86,0
DA:87,0
DA:89,0
DA:92,4
DA:93,17
DA:95,2
DA:97,1
DA:99,0
DA:101,0
DA:103,0
DA:105,1
DA:107,1
DA:109,0
DA:111,12
LF:46
LH:33
BRDA:67,0,0,1
BRDA:67,0,1,0
BRDA:92,1,0,10
BRDA:93,2,0,2
BRDA:93,2,1,1
BRDA:93,2,2,0
BRDA:93,2,3,0
BRDA:93,2,4,0
BRDA:93,2,5,1
BRDA:93,2,6,1
BRDA:93,2,7,0
BRDA:93,2,8,12
BRF:12
BRH:7
end_of_record
TN:
SF:src/utils/apiHelper.js
FN:20,(anonymous_0)
FN:22,(anonymous_1)
FN:33,(anonymous_2)
FN:35,(anonymous_3)
FN:39,(anonymous_4)
FN:57,(anonymous_5)
FN:80,(anonymous_6)
FN:89,(anonymous_7)
FN:101,(anonymous_8)
FNF:9
FNH:8
FNDA:9,(anonymous_0)
FNDA:720,(anonymous_1)
FNDA:2,(anonymous_2)
FNDA:3,(anonymous_3)
FNDA:18,(anonymous_4)
FNDA:42,(anonymous_5)
FNDA:1,(anonymous_6)
FNDA:14,(anonymous_7)
FNDA:0,(anonymous_8)
DA:3,2
DA:20,2
DA:21,9
DA:22,9
DA:23,720
DA:24,9
DA:28,9
DA:35,2
DA:37,3
DA:38,3
DA:39,3
DA:40,18
DA:41,18
DA:45,3
DA:46,3
DA:47,3
DA:48,3
DA:51,3
DA:52,3
DA:53,3
DA:57,3
DA:58,42
DA:59,42
DA:64,3
DA:74,3
DA:80,2
DA:82,1
DA:83,1
DA:84,1
DA:85,1
DA:87,1
DA:89,1
DA:90,14
DA:93,1
DA:98,1
DA:101,2
DA:103,0
DA:105,0
DA:112,0
DA:118,2
LF:40
LH:37
BRDA:23,0,0,9
BRDA:23,0,1,711
BRF:2
BRH:2
end_of_record
TN:
SF:src/utils/apiQuery.js
FN:36,(anonymous_0)
FN:38,(anonymous_1)
FN:40,(anonymous_2)
FN:50,(anonymous_3)
FN:70,(anonymous_4)
FN:81,(anonymous_5)
FN:95,(anonymous_6)
FN:111,(anonymous_7)
FN:121,(anonymous_8)
FN:125,(anonymous_9)
FNF:10
FNH:9
FNDA:4,(anonymous_0)
FNDA:4,(anonymous_1)
FNDA:2,(anonymous_2)
FNDA:1,(anonymous_3)
FNDA:2,(anonymous_4)
FNDA:1,(anonymous_5)
FNDA:1,(anonymous_6)
FNDA:5,(anonymous_7)
FNDA:4,(anonymous_8)
FNDA:0,(anonymous_9)
DA:6,4
DA:10,4
DA:11,4
DA:12,4
DA:14,4
DA:19,4
DA:25,4
DA:32,4
DA:36,4
DA:40,4
DA:41,2
DA:50,4
DA:53,1
DA:61,1
DA:70,4
DA:72,2
DA:76,2
DA:81,4
DA:83,1
DA:87,1
DA:95,4
DA:97,1
DA:102,1
DA:111,4
DA:112,5
DA:113,5
DA:114,5
DA:122,4
DA:123,0
DA:128,0
DA:129,0
DA:131,0
DA:136,0
DA:139,4
DA:145,4
LF:35
LH:30
BRDA:118,0,0,3
BRDA:118,0,1,2
BRDA:119,1,0,2
BRDA:119,1,1,3
BRDA:122,2,0,4
BRDA:122,2,1,0
BRF:6
BRH:5
end_of_record
TN:
SF:src/utils/auth.js
FN:10,(anonymous_0)
FN:10,(anonymous_1)
FN:17,(anonymous_2)
FN:21,(anonymous_3)
FN:47,(anonymous_4)
FN:47,(anonymous_5)
FN:50,(anonymous_6)
FN:54,(anonymous_7)
FNF:8
FNH:0
FNDA:0,(anonymous_0)
FNDA:0,(anonymous_1)
FNDA:0,(anonymous_2)
FNDA:0,(anonymous_3)
FNDA:0,(anonymous_4)
FNDA:0,(anonymous_5)
FNDA:0,(anonymous_6)
FNDA:0,(anonymous_7)
DA:10,2
DA:12,0
DA:14,0
DA:17,0
DA:18,0
DA:19,0
DA:23,0
DA:25,0
DA:26,0
DA:27,0
DA:30,0
DA:31,0
DA:32,0
DA:35,0
DA:36,0
DA:37,0
DA:41,0
DA:44,0
DA:47,2
DA:48,0
DA:50,0
DA:51,0
DA:52,0
DA:56,0
DA:57,0
DA:58,0
DA:59,0
DA:60,0
DA:63,0
DA:64,0
DA:65,0
DA:68,0
DA:69,0
DA:70,0
DA:75,0
DA:76,0
LF:36
LH:2
BRDA:10,0,0,0
BRDA:26,1,0,0
BRDA:26,1,1,0
BRDA:30,2,0,0
BRDA:30,2,1,0
BRDA:35,3,0,0
BRDA:35,3,1,0
BRDA:47,4,0,0
BRDA:58,5,0,0
BRDA:58,5,1,0
BRDA:63,6,0,0
BRDA:63,6,1,0
BRDA:68,7,0,0
BRDA:68,7,1,0
BRF:14
BRH:0
end_of_record
TN:
SF:src/utils/chartDataFormatter.js
FN:3,(anonymous_0)
FN:34,(anonymous_1)
FNF:2
FNH:0
FNDA:0,(anonymous_0)
FNDA:0,(anonymous_1)
DA:3,3
DA:6,0
DA:17,0
DA:18,0
DA:19,0
DA:22,0
DA:23,0
DA:28,0
DA:29,0
DA:30,0
DA:31,0
DA:33,0
DA:34,0
DA:37,0
DA:38,0
DA:41,0
DA:42,0
DA:45,0
DA:48,0
LF:19
LH:1
BRDA:17,0,0,0
BRDA:17,0,1,0
BRDA:17,1,0,0
BRDA:17,1,1,0
BRDA:37,2,0,0
BRDA:37,2,1,0
BRDA:37,3,0,0
BRDA:37,3,1,0
BRDA:37,3,2,0
BRF:9
BRH:0
end_of_record
TN:
SF:src/utils/firebaseQuery.js
FN:17,(anonymous_0)
FN:25,(anonymous_1)
FN:32,(anonymous_2)
FN:36,(anonymous_3)
FN:43,(anonymous_4)
FN:50,(anonymous_5)
FN:60,(anonymous_6)
FN:75,(anonymous_7)
FN:91,(anonymous_8)
FN:99,(anonymous_9)
FN:108,(anonymous_10)
FN:123,(anonymous_11)
FN:143,(anonymous_12)
FN:164,(anonymous_13)
FN:195,(anonymous_14)
FNF:15
FNH:9
FNDA:15,(anonymous_0)
FNDA:1,(anonymous_1)
FNDA:1,(anonymous_2)
FNDA:0,(anonymous_3)
FNDA:8,(anonymous_4)
FNDA:1,(anonymous_5)
FNDA:0,(anonymous_6)
FNDA:1,(anonymous_7)
FNDA:0,(anonymous_8)
FNDA:0,(anonymous_9)
FNDA:0,(anonymous_10)
FNDA:0,(anonymous_11)
FNDA:2,(anonymous_12)
FNDA:4,(anonymous_13)
FNDA:1,(anonymous_14)
DA:6,15
DA:18,15
DA:25,15
DA:26,1
DA:29,0
DA:32,15
DA:33,1
DA:36,15
DA:38,0
DA:43,15
DA:50,15
DA:52,1
DA:53,1
DA:54,1
DA:56,1
DA:58,0
DA:60,0
DA:61,0
DA:64,0
DA:66,0
DA:75,15
DA:77,1
DA:78,1
DA:80,0
DA:82,0
DA:86,0
DA:91,15
DA:93,0
DA:94,0
DA:96,0
DA:99,15
DA:101,0
DA:103,0
DA:105,0
DA:108,15
DA:110,0
DA:111,0
DA:113,0
DA:115,0
DA:116,0
DA:117,0
DA:119,0
DA:123,15
DA:125,0
DA:129,0
DA:130,0
DA:131,0
DA:134,0
DA:140,0
DA:143,15
DA:145,2
DA:146,2
DA:148,2
DA:151,0
DA:155,2
DA:156,2
DA:159,2
DA:160,2
DA:161,2
DA:164,15
DA:165,4
DA:166,4
DA:168,4
DA:170,3
DA:171,0
DA:179,0
DA:181,0
DA:182,0
DA:183,0
DA:185,0
DA:190,0
DA:191,0
DA:195,15
DA:196,1
DA:198,0
DA:200,0
DA:204,15
LF:77
LH:37
BRDA:50,0,0,0
BRDA:58,1,0,0
BRDA:58,1,1,0
BRDA:80,2,0,0
BRDA:80,2,1,0
BRDA:80,3,0,0
BRDA:80,3,1,0
BRDA:91,4,0,0
BRDA:103,5,0,0
BRDA:103,5,1,0
BRDA:110,6,0,0
BRDA:110,6,1,0
BRDA:115,7,0,0
BRDA:115,7,1,0
BRDA:123,8,0,0
BRDA:130,9,0,0
BRDA:130,9,1,0
BRDA:143,10,0,0
BRDA:146,11,0,2
BRDA:146,11,1,0
BRDA:179,12,0,0
BRDA:179,12,1,0
BRDA:179,13,0,0
BRDA:179,13,1,0
BRDA:198,14,0,0
BRDA:198,14,1,0
BRF:26
BRH:1
end_of_record
TN:
SF:src/utils/inputChecker.js
FN:8,(anonymous_0)
FN:12,(anonymous_1)
FN:25,(anonymous_2)
FN:62,(anonymous_3)
FN:66,(anonymous_4)
FN:70,(anonymous_5)
FN:85,(anonymous_6)
FN:100,(anonymous_7)
FN:110,(anonymous_8)
FNF:9
FNH:0
FNDA:0,(anonymous_0)
FNDA:0,(anonymous_1)
FNDA:0,(anonymous_2)
FNDA:0,(anonymous_3)
FNDA:0,(anonymous_4)
FNDA:0,(anonymous_5)
FNDA:0,(anonymous_6)
FNDA:0,(anonymous_7)
FNDA:0,(anonymous_8)
DA:6,4
DA:8,4
DA:9,0
DA:12,4
DA:14,0
DA:15,0
DA:16,0
DA:18,0
DA:22,0
DA:25,4
DA:26,0
DA:27,0
DA:29,0
DA:30,0
DA:32,0
DA:33,0
DA:35,0
DA:36,0
DA:39,0
DA:41,0
DA:42,0
DA:46,0
DA:47,0
DA:48,0
DA:52,0
DA:53,0
DA:56,0
DA:57,0
DA:62,4
DA:66,4
DA:70,4
DA:72,0
DA:73,0
DA:76,0
DA:77,0
DA:80,0
DA:81,0
DA:85,4
DA:86,0
DA:87,0
DA:89,0
DA:90,0
DA:92,0
DA:93,0
DA:95,0
DA:96,0
DA:100,4
DA:101,0
DA:102,0
DA:105,0
DA:106,0
DA:110,4
DA:111,0
DA:121,4
LF:54
LH:11
BRDA:15,0,0,0
BRDA:15,0,1,0
BRDA:18,1,0,0
BRDA:18,1,1,0
BRDA:25,2,0,0
BRDA:27,3,0,0
BRDA:27,3,1,0
BRDA:27,3,2,0
BRDA:27,3,3,0
BRDA:27,3,4,0
BRDA:27,3,5,0
BRDA:46,4,0,0
BRDA:46,4,1,0
BRDA:52,5,0,0
BRDA:52,5,1,0
BRDA:62,6,0,0
BRDA:72,7,0,0
BRDA:72,7,1,0
BRDA:76,8,0,0
BRDA:76,8,1,0
BRDA:80,9,0,0
BRDA:80,9,1,0
BRDA:86,10,0,0
BRDA:86,10,1,0
BRDA:89,11,0,0
BRDA:89,11,1,0
BRDA:92,12,0,0
BRDA:92,12,1,0
BRDA:95,13,0,0
BRDA:95,13,1,0
BRDA:101,14,0,0
BRDA:101,14,1,0
BRDA:105,15,0,0
BRDA:105,15,1,0
BRDA:105,16,0,0
BRDA:105,16,1,0
BRF:36
BRH:0
end_of_record
TN:
SF:src/utils/insulineCalculator.js
FN:27,(anonymous_0)
FN:46,(anonymous_1)
FN:50,(anonymous_2)
FN:54,(anonymous_3)
FN:70,(anonymous_4)
FNF:5
FNH:2
FNDA:9,(anonymous_0)
FNDA:0,(anonymous_1)
FNDA:5,(anonymous_2)
FNDA:0,(anonymous_3)
FNDA:0,(anonymous_4)
DA:18,9
DA:21,9
DA:28,9
DA:30,9
DA:31,4
DA:32,4
DA:34,5
DA:36,9
DA:37,4
DA:38,4
DA:40,5
DA:51,5
DA:56,0
DA:57,0
DA:58,0
DA:59,0
DA:61,0
DA:63,0
DA:64,0
DA:65,0
DA:71,0
LF:21
LH:12
BRDA:30,0,0,4
BRDA:30,0,1,5
BRDA:30,1,0,9
BRDA:30,1,1,7
BRDA:36,2,0,4
BRDA:36,2,1,5
BRDA:36,3,0,9
BRDA:36,3,1,7
BRDA:58,4,0,0
BRDA:58,4,1,0
BRDA:63,5,0,0
BRDA:63,5,1,0
BRF:12
BRH:8
end_of_record
TN:
SF:src/utils/localStoreManager.js
FN:22,(anonymous_0)
FN:35,(anonymous_1)
FN:44,(anonymous_2)
FN:52,(anonymous_3)
FN:59,(anonymous_4)
FN:73,(anonymous_5)
FN:87,(anonymous_6)
FN:104,(anonymous_7)
FN:106,(anonymous_8)
FN:113,(anonymous_9)
FN:133,(anonymous_10)
FN:145,(anonymous_11)
FN:165,(anonymous_12)
FN:172,(anonymous_13)
FN:179,(anonymous_14)
FN:187,(anonymous_15)
FNF:16
FNH:9
FNDA:0,(anonymous_0)
FNDA:0,(anonymous_1)
FNDA:0,(anonymous_2)
FNDA:0,(anonymous_3)
FNDA:0,(anonymous_4)
FNDA:6,(anonymous_5)
FNDA:5,(anonymous_6)
FNDA:7,(anonymous_7)
FNDA:0,(anonymous_8)
FNDA:1,(anonymous_9)
FNDA:2,(anonymous_10)
FNDA:1,(anonymous_11)
FNDA:1,(anonymous_12)
FNDA:0,(anonymous_13)
FNDA:1,(anonymous_14)
FNDA:4,(anonymous_15)
DA:8,7
DA:22,7
DA:23,0
DA:25,0
DA:26,0
DA:28,0
DA:35,7
DA:36,0
DA:44,7
DA:45,0
DA:52,7
DA:53,0
DA:59,7
DA:60,0
DA:61,0
DA:62,0
DA:73,7
DA:74,6
DA:75,6
DA:76,6
DA:87,7
DA:88,5
DA:89,5
DA:90,5
DA:96,7
DA:106,7
DA:107,0
DA:113,7
DA:115,1
DA:116,1
DA:117,1
DA:119,1
DA:121,1
DA:123,1
DA:125,1
DA:127,1
DA:133,7
DA:134,2
DA:136,2
DA:138,2
DA:145,7
DA:147,1
DA:148,1
DA:150,1
DA:151,1
DA:153,0
DA:155,1
DA:158,1
DA:165,7
DA:166,1
DA:172,7
DA:173,0
DA:176,0
DA:179,7
DA:180,1
DA:182,1
DA:184,1
DA:187,7
DA:188,4
DA:189,4
DA:190,4
DA:196,7
LF:62
LH:48
BRDA:25,0,0,0
BRDA:25,0,1,0
BRDA:90,1,0,3
BRDA:90,1,1,2
BRDA:113,2,0,0
BRDA:121,3,0,1
BRDA:121,3,1,0
BRDA:121,4,0,1
BRDA:121,4,1,0
BRDA:151,5,0,0
BRDA:151,5,1,1
BRDA:151,6,0,1
BRDA:151,6,1,1
BRDA:151,6,2,1
BRF:14
BRH:8
end_of_record
TN:
SF:src/utils/testingJsons.js
FNF:0
FNH:0
DA:1,4
DA:30,4
LF:2
LH:2
BRF:0
BRH:0
end_of_record
TN:
SF:testHelper/reduxMock.js
FNF:0
FNH:0
DA:5,3
DA:7,3
LF:2
LH:2
BRF:0
BRH:0
end_of_record
TN:
SF:testHelper/dataForTest/foods.js
FNF:0
FNH:0
DA:2,7
DA:4,7
DA:5,7
DA:406,7
DA:408,7
LF:5
LH:5
BRF:0
BRH:0
end_of_record
